Added Component: Designator=C1(CAPC1005X06M-0402)
Add component (AddParameter): Name = "ComponentLink1Description"; Value = "Datasheet"; VariantName = "[No Variations]"
Add component (AddParameter): Name = "ComponentLink1URL"; Value = "https://search.murata.co.jp/Ceramy/image/img/A01X/G101/ENG/GRM155R60J475ME47-01.pdf"; VariantName = "[No Variations]"
Add component (AddParameter): Name = "MPN"; Value = "GRM155R60J475ME47D"; VariantName = "[No Variations]"
Added Component: Designator=C2(CAPC1005X06M-0402)
Add component (AddParameter): Name = "ComponentLink1Description"; Value = "Datasheet"; VariantName = "[No Variations]"
Add component (AddParameter): Name = "ComponentLink1URL"; Value = "https://search.murata.co.jp/Ceramy/image/img/A01X/G101/ENG/GRM155R60J106ME05-01A.pdf"; VariantName = "[No Variations]"
Add component (AddParameter): Name = "MPN"; Value = "GRM155R60J106ME05J"; VariantName = "[No Variations]"
Added Component: Designator=C3(CAPC1005X06M-0402)
Add component (AddParameter): Name = "ComponentLink1Description"; Value = "Datasheet"; VariantName = "[No Variations]"
Add component (AddParameter): Name = "ComponentLink1URL"; Value = "https://search.murata.co.jp/Ceramy/image/img/A01X/G101/ENG/GRM155R60J106ME05-01A.pdf"; VariantName = "[No Variations]"
Add component (AddParameter): Name = "MPN"; Value = "GRM155R60J106ME05J"; VariantName = "[No Variations]"
Added Component: Designator=C4(CAPC1005X06M-0402)
Add component (AddParameter): Name = "ComponentLink1Description"; Value = "Datasheet"; VariantName = "[No Variations]"
Add component (AddParameter): Name = "ComponentLink1URL"; Value = "https://search.murata.co.jp/Ceramy/image/img/A01X/G101/ENG/GRM155R60J106ME05-01A.pdf"; VariantName = "[No Variations]"
Add component (AddParameter): Name = "MPN"; Value = "GRM155R60J106ME05J"; VariantName = "[No Variations]"
Added Component: Designator=C5(CAPC1005X06M-0402)
Add component (AddParameter): Name = "ComponentLink1Description"; Value = "Datasheet"; VariantName = "[No Variations]"
Add component (AddParameter): Name = "ComponentLink1URL"; Value = "https://search.murata.co.jp/Ceramy/image/img/A01X/G101/ENG/GRM155R60J475ME47-01.pdf"; VariantName = "[No Variations]"
Add component (AddParameter): Name = "MPN"; Value = "GRM155R71H104KE14D"; VariantName = "[No Variations]"
Added Component: Designator=C6(CAPC1005X06M-0402)
Add component (AddParameter): Name = "ComponentLink1Description"; Value = "Datasheet"; VariantName = "[No Variations]"
Add component (AddParameter): Name = "ComponentLink1URL"; Value = "https://search.murata.co.jp/Ceramy/image/img/A01X/G101/ENG/GRM155R60J475ME47-01.pdf"; VariantName = "[No Variations]"
Add component (AddParameter): Name = "MPN"; Value = "GRM155R71H104KE14D"; VariantName = "[No Variations]"
Added Component: Designator=C7(CAPC1005X06M-0402)
Add component (AddParameter): Name = "ComponentLink1Description"; Value = "Datasheet"; VariantName = "[No Variations]"
Add component (AddParameter): Name = "ComponentLink1URL"; Value = "https://search.murata.co.jp/Ceramy/image/img/A01X/G101/ENG/GRM155R60J475ME47-01.pdf"; VariantName = "[No Variations]"
Add component (AddParameter): Name = "MPN"; Value = "GRM155R71H104KE14D"; VariantName = "[No Variations]"
Added Component: Designator=C8(CAPC1005X06M-0402)
Add component (AddParameter): Name = "ComponentLink1Description"; Value = "Datasheet"; VariantName = "[No Variations]"
Add component (AddParameter): Name = "ComponentLink1URL"; Value = "https://search.murata.co.jp/Ceramy/image/img/A01X/G101/ENG/GRM155R60J475ME47-01.pdf"; VariantName = "[No Variations]"
Add component (AddParameter): Name = "MPN"; Value = "GRM155R71H104KE14D"; VariantName = "[No Variations]"
Added Component: Designator=C9(CAPC1005X06M-0402)
Add component (AddParameter): Name = "ComponentLink1Description"; Value = "Datasheet"; VariantName = "[No Variations]"
Add component (AddParameter): Name = "ComponentLink1URL"; Value = "https://search.murata.co.jp/Ceramy/image/img/A01X/G101/ENG/GRM155R60J475ME47-01.pdf"; VariantName = "[No Variations]"
Add component (AddParameter): Name = "MPN"; Value = "GRM155R71H104KE14D"; VariantName = "[No Variations]"
Added Component: Designator=C10(CAPC1005X06M-0402)
Add component (AddParameter): Name = "ComponentLink1Description"; Value = "Datasheet"; VariantName = "[No Variations]"
Add component (AddParameter): Name = "ComponentLink1URL"; Value = "https://search.murata.co.jp/Ceramy/image/img/A01X/G101/ENG/GRM155R60J475ME47-01.pdf"; VariantName = "[No Variations]"
Add component (AddParameter): Name = "MPN"; Value = "GRM155R71H104KE14D"; VariantName = "[No Variations]"
Added Component: Designator=C11(CAPC1005X06M-0402)
Add component (AddParameter): Name = "ComponentLink1Description"; Value = "Datasheet"; VariantName = "[No Variations]"
Add component (AddParameter): Name = "ComponentLink1URL"; Value = "https://search.murata.co.jp/Ceramy/image/img/A01X/G101/ENG/GRM155R60J475ME47-01.pdf"; VariantName = "[No Variations]"
Add component (AddParameter): Name = "MPN"; Value = "GRM155R71H104KE14D"; VariantName = "[No Variations]"
Added Component: Designator=C12(CAPC1005X06M-0402)
Add component (AddParameter): Name = "ComponentLink1Description"; Value = "Datasheet"; VariantName = "[No Variations]"
Add component (AddParameter): Name = "ComponentLink1URL"; Value = "https://search.murata.co.jp/Ceramy/image/img/A01X/G101/ENG/GRM155R60J475ME47-01.pdf"; VariantName = "[No Variations]"
Add component (AddParameter): Name = "MPN"; Value = "GRM155R71H104KE14D"; VariantName = "[No Variations]"
Added Component: Designator=C13(CAPC1005X06M-0402)
Add component (AddParameter): Name = "ComponentLink1Description"; Value = "Datasheet"; VariantName = "[No Variations]"
Add component (AddParameter): Name = "ComponentLink1URL"; Value = "https://search.murata.co.jp/Ceramy/image/img/A01X/G101/ENG/GRM155R60J475ME47-01.pdf"; VariantName = "[No Variations]"
Add component (AddParameter): Name = "MPN"; Value = "GRM155R60J475ME47D"; VariantName = "[No Variations]"
Added Component: Designator=C14(CAPC1005X06M-0402)
Add component (AddParameter): Name = "ComponentLink1Description"; Value = "Datasheet"; VariantName = "[No Variations]"
Add component (AddParameter): Name = "ComponentLink1URL"; Value = "https://search.murata.co.jp/Ceramy/image/img/A01X/G101/ENG/GRM155R60J475ME47-01.pdf"; VariantName = "[No Variations]"
Add component (AddParameter): Name = "MPN"; Value = "GRM155R71H104KE14D"; VariantName = "[No Variations]"
Added Component: Designator=C15(CAPC1005X06M-0402)
Add component (AddParameter): Name = "ComponentLink1Description"; Value = "Datasheet"; VariantName = "[No Variations]"
Add component (AddParameter): Name = "ComponentLink1URL"; Value = "https://search.murata.co.jp/Ceramy/image/img/A01X/G101/ENG/GRM155R60J106ME05-01A.pdf"; VariantName = "[No Variations]"
Add component (AddParameter): Name = "MPN"; Value = "GRM155R60J106ME05J"; VariantName = "[No Variations]"
Added Component: Designator=C16(CAPC1005X06M-0402)
Add component (AddParameter): Name = "ComponentLink1Description"; Value = "Datasheet"; VariantName = "[No Variations]"
Add component (AddParameter): Name = "ComponentLink1URL"; Value = "https://search.murata.co.jp/Ceramy/image/img/A01X/G101/ENG/GRM155R60J475ME47-01.pdf"; VariantName = "[No Variations]"
Add component (AddParameter): Name = "MPN"; Value = "GRM155R71H104KE14D"; VariantName = "[No Variations]"
Added Component: Designator=C17(CAPC1005X06M-0402)
Add component (AddParameter): Name = "ComponentLink1Description"; Value = "Datasheet"; VariantName = "[No Variations]"
Add component (AddParameter): Name = "ComponentLink1URL"; Value = "https://search.murata.co.jp/Ceramy/image/img/A01X/G101/ENG/GRM155R60J475ME47-01.pdf"; VariantName = "[No Variations]"
Add component (AddParameter): Name = "MPN"; Value = "GRM155R60J475ME47D"; VariantName = "[No Variations]"
Added Component: Designator=C18(CAPC1005X06M-0402)
Add component (AddParameter): Name = "ComponentLink1Description"; Value = "Datasheet"; VariantName = "[No Variations]"
Add component (AddParameter): Name = "ComponentLink1URL"; Value = "https://search.murata.co.jp/Ceramy/image/img/A01X/G101/ENG/GRM155R60J475ME47-01.pdf"; VariantName = "[No Variations]"
Add component (AddParameter): Name = "MPN"; Value = "GRM155R71H104KE14D"; VariantName = "[No Variations]"
Added Component: Designator=C19(CAPC1005X06M-0402)
Add component (AddParameter): Name = "ComponentLink1Description"; Value = "Datasheet"; VariantName = "[No Variations]"
Add component (AddParameter): Name = "ComponentLink1URL"; Value = "https://search.murata.co.jp/Ceramy/image/img/A01X/G101/ENG/GRM155R60J475ME47-01.pdf"; VariantName = "[No Variations]"
Add component (AddParameter): Name = "MPN"; Value = "GRM155R71H104KE14D"; VariantName = "[No Variations]"
Added Component: Designator=C20(CAPC1005X06M-0402)
Add component (AddParameter): Name = "ComponentLink1Description"; Value = "Datasheet"; VariantName = "[No Variations]"
Add component (AddParameter): Name = "ComponentLink1URL"; Value = "https://search.murata.co.jp/Ceramy/image/img/A01X/G101/ENG/GRM155R60J475ME47-01.pdf"; VariantName = "[No Variations]"
Add component (AddParameter): Name = "MPN"; Value = "GRM1555C1H8R0BA01D"; VariantName = "[No Variations]"
Added Component: Designator=C21(CAPC1005X06M-0402)
Add component (AddParameter): Name = "ComponentLink1Description"; Value = "Datasheet"; VariantName = "[No Variations]"
Add component (AddParameter): Name = "ComponentLink1URL"; Value = "https://search.murata.co.jp/Ceramy/image/img/A01X/G101/ENG/GRM155R60J475ME47-01.pdf"; VariantName = "[No Variations]"
Add component (AddParameter): Name = "MPN"; Value = "GRM1555C1H220JA01D"; VariantName = "[No Variations]"
Added Component: Designator=C22(CAPC1005X06M-0402)
Add component (AddParameter): Name = "ComponentLink1Description"; Value = "Datasheet"; VariantName = "[No Variations]"
Add component (AddParameter): Name = "ComponentLink1URL"; Value = "https://search.murata.co.jp/Ceramy/image/img/A01X/G101/ENG/GRM155R60J475ME47-01.pdf"; VariantName = "[No Variations]"
Add component (AddParameter): Name = "MPN"; Value = "GRM155R71H104KE14D"; VariantName = "[No Variations]"
Added Component: Designator=C23(CAPC1005X06M-0402)
Add component (AddParameter): Name = "ComponentLink1Description"; Value = "Datasheet"; VariantName = "[No Variations]"
Add component (AddParameter): Name = "ComponentLink1URL"; Value = "https://search.murata.co.jp/Ceramy/image/img/A01X/G101/ENG/GRM155R60J475ME47-01.pdf"; VariantName = "[No Variations]"
Add component (AddParameter): Name = "MPN"; Value = "GRM155R71H104KE14D"; VariantName = "[No Variations]"
Added Component: Designator=C24(CAPC1005X06M-0402)
Add component (AddParameter): Name = "ComponentLink1Description"; Value = "Datasheet"; VariantName = "[No Variations]"
Add component (AddParameter): Name = "ComponentLink1URL"; Value = "https://search.murata.co.jp/Ceramy/image/img/A01X/G101/ENG/GRM155R60J475ME47-01.pdf"; VariantName = "[No Variations]"
Add component (AddParameter): Name = "MPN"; Value = "GRM155R71H104KE14D"; VariantName = "[No Variations]"
Added Component: Designator=C25(CAPC1005X06M-0402)
Add component (AddParameter): Name = "ComponentLink1Description"; Value = "Datasheet"; VariantName = "[No Variations]"
Add component (AddParameter): Name = "ComponentLink1URL"; Value = "https://search.murata.co.jp/Ceramy/image/img/A01X/G101/ENG/GRM155R60J475ME47-01.pdf"; VariantName = "[No Variations]"
Add component (AddParameter): Name = "MPN"; Value = "GRM155R71H104KE14D"; VariantName = "[No Variations]"
Added Component: Designator=C26(CAPC1005X06M-0402)
Add component (AddParameter): Name = "ComponentLink1Description"; Value = "Datasheet"; VariantName = "[No Variations]"
Add component (AddParameter): Name = "ComponentLink1URL"; Value = "https://search.murata.co.jp/Ceramy/image/img/A01X/G101/ENG/GRM155R60J475ME47-01.pdf"; VariantName = "[No Variations]"
Add component (AddParameter): Name = "MPN"; Value = "GRM155R71H104KE14D"; VariantName = "[No Variations]"
Added Component: Designator=C27(CAPC1005X06M-0402)
Add component (AddParameter): Name = "ComponentLink1Description"; Value = "Datasheet"; VariantName = "[No Variations]"
Add component (AddParameter): Name = "ComponentLink1URL"; Value = "https://search.murata.co.jp/Ceramy/image/img/A01X/G101/ENG/GRM155R60J475ME47-01.pdf"; VariantName = "[No Variations]"
Add component (AddParameter): Name = "MPN"; Value = "GRM155R71H104KE14D"; VariantName = "[No Variations]"
Added Component: Designator=C28(CAPC1005X06M-0402)
Add component (AddParameter): Name = "ComponentLink1Description"; Value = "Datasheet"; VariantName = "[No Variations]"
Add component (AddParameter): Name = "ComponentLink1URL"; Value = "https://search.murata.co.jp/Ceramy/image/img/A01X/G101/ENG/GRM155R60J475ME47-01.pdf"; VariantName = "[No Variations]"
Add component (AddParameter): Name = "MPN"; Value = "GRM155R71H104KE14D"; VariantName = "[No Variations]"
Added Component: Designator=C29(CAPC1005X06M-0402)
Add component (AddParameter): Name = "ComponentLink1Description"; Value = "Datasheet"; VariantName = "[No Variations]"
Add component (AddParameter): Name = "ComponentLink1URL"; Value = "https://search.murata.co.jp/Ceramy/image/img/A01X/G101/ENG/GRM155R60J475ME47-01.pdf"; VariantName = "[No Variations]"
Add component (AddParameter): Name = "MPN"; Value = "GRM155R71H104KE14D"; VariantName = "[No Variations]"
Added Component: Designator=C30(CAPC1005X06M-0402)
Add component (AddParameter): Name = "ComponentLink1Description"; Value = "Datasheet"; VariantName = "[No Variations]"
Add component (AddParameter): Name = "ComponentLink1URL"; Value = "https://search.murata.co.jp/Ceramy/image/img/A01X/G101/ENG/GRM155R60J475ME47-01.pdf"; VariantName = "[No Variations]"
Add component (AddParameter): Name = "MPN"; Value = "GRM155R71H104KE14D"; VariantName = "[No Variations]"
Added Component: Designator=C31(CAPC1005X06M-0402)
Add component (AddParameter): Name = "ComponentLink1Description"; Value = "Datasheet"; VariantName = "[No Variations]"
Add component (AddParameter): Name = "ComponentLink1URL"; Value = "https://search.murata.co.jp/Ceramy/image/img/A01X/G101/ENG/GRM155R60J475ME47-01.pdf"; VariantName = "[No Variations]"
Add component (AddParameter): Name = "MPN"; Value = "GRM155R71H104KE14D"; VariantName = "[No Variations]"
Added Component: Designator=C32(CAPC1005X06M-0402)
Add component (AddParameter): Name = "ComponentLink1Description"; Value = "Datasheet"; VariantName = "[No Variations]"
Add component (AddParameter): Name = "ComponentLink1URL"; Value = "https://search.murata.co.jp/Ceramy/image/img/A01X/G101/ENG/GRM155R60J475ME47-01.pdf"; VariantName = "[No Variations]"
Add component (AddParameter): Name = "MPN"; Value = "GRM155R71H104KE14D"; VariantName = "[No Variations]"
Added Component: Designator=C33(CAPC1005X06M-0402)
Add component (AddParameter): Name = "ComponentLink1Description"; Value = "Datasheet"; VariantName = "[No Variations]"
Add component (AddParameter): Name = "ComponentLink1URL"; Value = "https://search.murata.co.jp/Ceramy/image/img/A01X/G101/ENG/GRM155R60J475ME47-01.pdf"; VariantName = "[No Variations]"
Add component (AddParameter): Name = "MPN"; Value = "GRM155R71H104KE14D"; VariantName = "[No Variations]"
Added Component: Designator=C34(CAPC1005X06M-0402)
Add component (AddParameter): Name = "ComponentLink1Description"; Value = "Datasheet"; VariantName = "[No Variations]"
Add component (AddParameter): Name = "ComponentLink1URL"; Value = "https://search.murata.co.jp/Ceramy/image/img/A01X/G101/ENG/GRM155R60J475ME47-01.pdf"; VariantName = "[No Variations]"
Add component (AddParameter): Name = "MPN"; Value = "GRM155R71H104KE14D"; VariantName = "[No Variations]"
Added Component: Designator=C35(CAPC1005X06M-0402)
Add component (AddParameter): Name = "ComponentLink1Description"; Value = "Datasheet"; VariantName = "[No Variations]"
Add component (AddParameter): Name = "ComponentLink1URL"; Value = "https://search.murata.co.jp/Ceramy/image/img/A01X/G101/ENG/GRM155R60J475ME47-01.pdf"; VariantName = "[No Variations]"
Add component (AddParameter): Name = "MPN"; Value = "GRM155R71H104KE14D"; VariantName = "[No Variations]"
Added Component: Designator=C36(CAPC1005X06M-0402)
Add component (AddParameter): Name = "ComponentLink1Description"; Value = "Datasheet"; VariantName = "[No Variations]"
Add component (AddParameter): Name = "ComponentLink1URL"; Value = "https://search.murata.co.jp/Ceramy/image/img/A01X/G101/ENG/GRM155R60J475ME47-01.pdf"; VariantName = "[No Variations]"
Add component (AddParameter): Name = "MPN"; Value = "GRM155R60J475ME47D"; VariantName = "[No Variations]"
Added Component: Designator=C37(CAPC1005X06M-0402)
Add component (AddParameter): Name = "ComponentLink1Description"; Value = "Datasheet"; VariantName = "[No Variations]"
Add component (AddParameter): Name = "ComponentLink1URL"; Value = "https://search.murata.co.jp/Ceramy/image/img/A01X/G101/ENG/GRM155R60J475ME47-01.pdf"; VariantName = "[No Variations]"
Add component (AddParameter): Name = "MPN"; Value = "GRM155R71H104KE14D"; VariantName = "[No Variations]"
Added Component: Designator=C38(CAPC1005X06M-0402)
Add component (AddParameter): Name = "ComponentLink1Description"; Value = "Datasheet"; VariantName = "[No Variations]"
Add component (AddParameter): Name = "ComponentLink1URL"; Value = "https://search.murata.co.jp/Ceramy/image/img/A01X/G101/ENG/GRM155R60J475ME47-01.pdf"; VariantName = "[No Variations]"
Add component (AddParameter): Name = "MPN"; Value = "GRM155R70J105KA12J"; VariantName = "[No Variations]"
Added Component: Designator=C39(CAPC1005X06M-0402)
Add component (AddParameter): Name = "ComponentLink1Description"; Value = "Datasheet"; VariantName = "[No Variations]"
Add component (AddParameter): Name = "ComponentLink1URL"; Value = "https://search.murata.co.jp/Ceramy/image/img/A01X/G101/ENG/GRM155R60J475ME47-01.pdf"; VariantName = "[No Variations]"
Add component (AddParameter): Name = "MPN"; Value = "GRM155R71H104KE14D"; VariantName = "[No Variations]"
Added Component: Designator=C40(CAPC1005X06M-0402)
Add component (AddParameter): Name = "ComponentLink1Description"; Value = "Datasheet"; VariantName = "[No Variations]"
Add component (AddParameter): Name = "ComponentLink1URL"; Value = "https://search.murata.co.jp/Ceramy/image/img/A01X/G101/ENG/GRM155R60J475ME47-01.pdf"; VariantName = "[No Variations]"
Add component (AddParameter): Name = "MPN"; Value = "GRM155R71H104KE14D"; VariantName = "[No Variations]"
Added Component: Designator=C41(CAPC1005X06M-0402)
Add component (AddParameter): Name = "ComponentLink1Description"; Value = "Datasheet"; VariantName = "[No Variations]"
Add component (AddParameter): Name = "ComponentLink1URL"; Value = "https://search.murata.co.jp/Ceramy/image/img/A01X/G101/ENG/GRM155R60J475ME47-01.pdf"; VariantName = "[No Variations]"
Add component (AddParameter): Name = "MPN"; Value = "GRM155R71H104KE14D"; VariantName = "[No Variations]"
Added Component: Designator=C42(CAPC1005X06M-0402)
Add component (AddParameter): Name = "ComponentLink1Description"; Value = "Datasheet"; VariantName = "[No Variations]"
Add component (AddParameter): Name = "ComponentLink1URL"; Value = "https://search.murata.co.jp/Ceramy/image/img/A01X/G101/ENG/GRM155R60J475ME47-01.pdf"; VariantName = "[No Variations]"
Add component (AddParameter): Name = "MPN"; Value = "GRM155R71H104KE14D"; VariantName = "[No Variations]"
Added Component: Designator=C43(CAPC1005X06M-0402)
Add component (AddParameter): Name = "ComponentLink1Description"; Value = "Datasheet"; VariantName = "[No Variations]"
Add component (AddParameter): Name = "ComponentLink1URL"; Value = "https://search.murata.co.jp/Ceramy/image/img/A01X/G101/ENG/GRM155R60J475ME47-01.pdf"; VariantName = "[No Variations]"
Add component (AddParameter): Name = "MPN"; Value = "GRM155R71H471KA01D"; VariantName = "[No Variations]"
Added Component: Designator=C44(CAPC1005X06M-0402)
Add component (AddParameter): Name = "ComponentLink1Description"; Value = "Datasheet"; VariantName = "[No Variations]"
Add component (AddParameter): Name = "ComponentLink1URL"; Value = "https://search.murata.co.jp/Ceramy/image/img/A01X/G101/ENG/GRM155R60J475ME47-01.pdf"; VariantName = "[No Variations]"
Add component (AddParameter): Name = "MPN"; Value = "GRM155R70J105KA12J"; VariantName = "[No Variations]"
Added Component: Designator=C45(CAPC1005X06M-0402)
Add component (AddParameter): Name = "ComponentLink1Description"; Value = "Datasheet"; VariantName = "[No Variations]"
Add component (AddParameter): Name = "ComponentLink1URL"; Value = "https://search.murata.co.jp/Ceramy/image/img/A01X/G101/ENG/GRM155R60J475ME47-01.pdf"; VariantName = "[No Variations]"
Add component (AddParameter): Name = "MPN"; Value = "GRM155R60J475ME47D"; VariantName = "[No Variations]"
Added Component: Designator=C46(CAPC1005X06M-0402)
Add component (AddParameter): Name = "ComponentLink1Description"; Value = "Datasheet"; VariantName = "[No Variations]"
Add component (AddParameter): Name = "ComponentLink1URL"; Value = "https://search.murata.co.jp/Ceramy/image/img/A01X/G101/ENG/GRM155R60J475ME47-01.pdf"; VariantName = "[No Variations]"
Add component (AddParameter): Name = "MPN"; Value = "GRM155R71H104KE14D"; VariantName = "[No Variations]"
Added Component: Designator=C47(CAPC1005X06M-0402)
Add component (AddParameter): Name = "ComponentLink1Description"; Value = "Datasheet"; VariantName = "[No Variations]"
Add component (AddParameter): Name = "ComponentLink1URL"; Value = "https://search.murata.co.jp/Ceramy/image/img/A01X/G101/ENG/GRM155R60J475ME47-01.pdf"; VariantName = "[No Variations]"
Add component (AddParameter): Name = "MPN"; Value = "GRM155R71H104KE14D"; VariantName = "[No Variations]"
Added Component: Designator=C48(CAPC1005X06M-0402)
Add component (AddParameter): Name = "ComponentLink1Description"; Value = "Datasheet"; VariantName = "[No Variations]"
Add component (AddParameter): Name = "ComponentLink1URL"; Value = "https://search.murata.co.jp/Ceramy/image/img/A01X/G101/ENG/GRM155R60J475ME47-01.pdf"; VariantName = "[No Variations]"
Add component (AddParameter): Name = "MPN"; Value = "GRM155R70J105KA12J"; VariantName = "[No Variations]"
Added Component: Designator=C49(CAPC1005X06M-0402)
Add component (AddParameter): Name = "ComponentLink1Description"; Value = "Datasheet"; VariantName = "[No Variations]"
Add component (AddParameter): Name = "ComponentLink1URL"; Value = "https://search.murata.co.jp/Ceramy/image/img/A01X/G101/ENG/GRM155R60J475ME47-01.pdf"; VariantName = "[No Variations]"
Add component (AddParameter): Name = "MPN"; Value = "GRM155R71H104KE14D"; VariantName = "[No Variations]"
Added Component: Designator=C50(CAPC1005X06M-0402)
Add component (AddParameter): Name = "ComponentLink1Description"; Value = "Datasheet"; VariantName = "[No Variations]"
Add component (AddParameter): Name = "ComponentLink1URL"; Value = "https://search.murata.co.jp/Ceramy/image/img/A01X/G101/ENG/GRM155R60J475ME47-01.pdf"; VariantName = "[No Variations]"
Add component (AddParameter): Name = "MPN"; Value = "GRM155R71H104KE14D"; VariantName = "[No Variations]"
Added Component: Designator=C51(CAPC1005X06M-0402)
Add component (AddParameter): Name = "ComponentLink1Description"; Value = "Datasheet"; VariantName = "[No Variations]"
Add component (AddParameter): Name = "ComponentLink1URL"; Value = "https://search.murata.co.jp/Ceramy/image/img/A01X/G101/ENG/GRM155R60J475ME47-01.pdf"; VariantName = "[No Variations]"
Add component (AddParameter): Name = "MPN"; Value = "GRM155R71H104KE14D"; VariantName = "[No Variations]"
Added Component: Designator=C52(CAPC1608X10M-0603)
Add component (AddParameter): Name = "ComponentLink1Description"; Value = "Datasheet"; VariantName = "[No Variations]"
Add component (AddParameter): Name = "ComponentLink1URL"; Value = "https://search.murata.co.jp/Ceramy/image/img/A01X/G101/ENG/GRM188R60J476ME15-01.pdf"; VariantName = "[No Variations]"
Add component (AddParameter): Name = "MPN"; Value = "GRM188R60J476ME15D"; VariantName = "[No Variations]"
Added Component: Designator=C53(CAPC1005X06M-0402)
Add component (AddParameter): Name = "ComponentLink1Description"; Value = "Datasheet"; VariantName = "[No Variations]"
Add component (AddParameter): Name = "ComponentLink1URL"; Value = "https://search.murata.co.jp/Ceramy/image/img/A01X/G101/ENG/GRM155R60J475ME47-01.pdf"; VariantName = "[No Variations]"
Add component (AddParameter): Name = "MPN"; Value = "GRM155R70J105KA12J"; VariantName = "[No Variations]"
Added Component: Designator=C54(CAPC1005X06M-0402)
Add component (AddParameter): Name = "ComponentLink1Description"; Value = "Datasheet"; VariantName = "[No Variations]"
Add component (AddParameter): Name = "ComponentLink1URL"; Value = "https://search.murata.co.jp/Ceramy/image/img/A01X/G101/ENG/GRM155R60J475ME47-01.pdf"; VariantName = "[No Variations]"
Add component (AddParameter): Name = "MPN"; Value = "GRM1555C1H8R0BA01D"; VariantName = "[No Variations]"
Added Component: Designator=C55(CAPC1005X06M-0402)
Add component (AddParameter): Name = "ComponentLink1Description"; Value = "Datasheet"; VariantName = "[No Variations]"
Add component (AddParameter): Name = "ComponentLink1URL"; Value = "https://search.murata.co.jp/Ceramy/image/img/A01X/G101/ENG/GRM155R60J475ME47-01.pdf"; VariantName = "[No Variations]"
Add component (AddParameter): Name = "MPN"; Value = "GRM1555C1H220JA01D"; VariantName = "[No Variations]"
Added Component: Designator=C56(CAPC1005X06M-0402)
Add component (AddParameter): Name = "ComponentLink1Description"; Value = "Datasheet"; VariantName = "[No Variations]"
Add component (AddParameter): Name = "ComponentLink1URL"; Value = "https://search.murata.co.jp/Ceramy/image/img/A01X/G101/ENG/GRM155R60J475ME47-01.pdf"; VariantName = "[No Variations]"
Add component (AddParameter): Name = "MPN"; Value = "GRM155R71H104KE14D"; VariantName = "[No Variations]"
Added Component: Designator=J1(DF40C-40DP-0.4V(51))
Add component (AddParameter): Name = "ComponentLink1Description"; Value = "Datasheet"; VariantName = "[No Variations]"
Add component (AddParameter): Name = "ComponentLink1URL"; Value = "https://www.hirose.com/en/product/document?clcode=&productname=&series=DF40&documenttype=Catalog&lang=en&documentid=en_DF40_CAT"; VariantName = "[No Variations]"
Add component (AddParameter): Name = "MPN"; Value = "DF40C-40DP-0.4V(51)"; VariantName = "[No Variations]"
Added Component: Designator=J2(DF40C-40DP-0.4V(51))
Add component (AddParameter): Name = "ComponentLink1Description"; Value = "Datasheet"; VariantName = "[No Variations]"
Add component (AddParameter): Name = "ComponentLink1URL"; Value = "https://www.hirose.com/en/product/document?clcode=&productname=&series=DF40&documenttype=Catalog&lang=en&documentid=en_DF40_CAT"; VariantName = "[No Variations]"
Add component (AddParameter): Name = "MPN"; Value = "DF40C-40DP-0.4V(51)"; VariantName = "[No Variations]"
Added Component: Designator=L1(XGL4015-471MEC)
Add component (AddParameter): Name = "ComponentLink1Description"; Value = "Datasheet"; VariantName = "[No Variations]"
Add component (AddParameter): Name = "ComponentLink1URL"; Value = "https://www.coilcraft.com/en-us/files/datasheet/XGL4015"; VariantName = "[No Variations]"
Add component (AddParameter): Name = "MPN"; Value = "XGL4015-471MEC"; VariantName = "[No Variations]"
Added Component: Designator=L2(INDC1005X06M-0402)
Add component (AddParameter): Name = "ComponentLink1Description"; Value = "Datasheet"; VariantName = "[No Variations]"
Add component (AddParameter): Name = "ComponentLink1URL"; Value = "https://www.murata.com/en-us/products/productdata/8796740059166/ENFA0018.pdf"; VariantName = "[No Variations]"
Add component (AddParameter): Name = "MPN"; Value = "BLM15AG601SN1D"; VariantName = "[No Variations]"
Added Component: Designator=L3(INDC1005X06M-0402)
Add component (AddParameter): Name = "ComponentLink1Description"; Value = "Datasheet"; VariantName = "[No Variations]"
Add component (AddParameter): Name = "ComponentLink1URL"; Value = "https://www.murata.com/en-us/products/productdata/8796740059166/ENFA0018.pdf"; VariantName = "[No Variations]"
Add component (AddParameter): Name = "MPN"; Value = "BLM15AG601SN1D"; VariantName = "[No Variations]"
Added Component: Designator=R1(RESC1005X04M-0402)
Add component (AddParameter): Name = "ComponentLink1Description"; Value = "Datasheet"; VariantName = "[No Variations]"
Add component (AddParameter): Name = "ComponentLink1URL"; Value = "https://www.yageo.com/upload/media/product/productsearch/datasheet/rchip/PYu-RC_Group_51_RoHS_L_12.pdf"; VariantName = "[No Variations]"
Add component (AddParameter): Name = "MPN"; Value = "RC0402FR-07100KL"; VariantName = "[No Variations]"
Added Component: Designator=R2(RESC1005X04M-0402)
Add component (AddParameter): Name = "ComponentLink1Description"; Value = "Datasheet"; VariantName = "[No Variations]"
Add component (AddParameter): Name = "ComponentLink1URL"; Value = "https://www.yageo.com/upload/media/product/productsearch/datasheet/rchip/PYu-RC_Group_51_RoHS_L_12.pdf"; VariantName = "[No Variations]"
Add component (AddParameter): Name = "MPN"; Value = "RC0402FR-07100KL"; VariantName = "[No Variations]"
Added Component: Designator=R3(RESC1005X04M-0402)
Add component (AddParameter): Name = "ComponentLink1Description"; Value = "Datasheet"; VariantName = "[No Variations]"
Add component (AddParameter): Name = "ComponentLink1URL"; Value = "https://www.yageo.com/upload/media/product/productsearch/datasheet/rchip/PYu-RC_Group_51_RoHS_L_12.pdf"; VariantName = "[No Variations]"
Add component (AddParameter): Name = "MPN"; Value = "RC0402FR-07100KL"; VariantName = "[No Variations]"
Added Component: Designator=R4(RESC1005X04M-0402)
Add component (AddParameter): Name = "ComponentLink1Description"; Value = "Datasheet"; VariantName = "[No Variations]"
Add component (AddParameter): Name = "ComponentLink1URL"; Value = "https://www.yageo.com/upload/media/product/productsearch/datasheet/rchip/PYu-RC_Group_51_RoHS_L_12.pdf"; VariantName = "[No Variations]"
Add component (AddParameter): Name = "MPN"; Value = "RC0402FR-07100KL"; VariantName = "[No Variations]"
Added Component: Designator=R5(RESC1005X04M-0402)
Add component (AddParameter): Name = "ComponentLink1Description"; Value = "Datasheet"; VariantName = "[No Variations]"
Add component (AddParameter): Name = "ComponentLink1URL"; Value = "https://www.yageo.com/upload/media/product/productsearch/datasheet/rchip/PYu-RC_Group_51_RoHS_L_12.pdf"; VariantName = "[No Variations]"
Add component (AddParameter): Name = "MPN"; Value = "RC0402FR-07100KL"; VariantName = "[No Variations]"
Added Component: Designator=R6(RESC1005X04M-0402)
Add component (AddParameter): Name = "ComponentLink1Description"; Value = "Datasheet"; VariantName = "[No Variations]"
Add component (AddParameter): Name = "ComponentLink1URL"; Value = "https://www.yageo.com/upload/media/product/productsearch/datasheet/rchip/PYu-RC_Group_51_RoHS_L_12.pdf"; VariantName = "[No Variations]"
Add component (AddParameter): Name = "MPN"; Value = "RC0402FR-07100KL"; VariantName = "[No Variations]"
Added Component: Designator=R7(RESC1005X04M-0402)
Add component (AddParameter): Name = "ComponentLink1Description"; Value = "Datasheet"; VariantName = "[No Variations]"
Add component (AddParameter): Name = "ComponentLink1URL"; Value = "https://www.yageo.com/upload/media/product/productsearch/datasheet/rchip/PYu-RC_Group_51_RoHS_L_12.pdf"; VariantName = "[No Variations]"
Add component (AddParameter): Name = "MPN"; Value = "RC0402FR-07100KL"; VariantName = "[No Variations]"
Added Component: Designator=R8(RESC1005X04M-0402)
Add component (AddParameter): Name = "ComponentLink1Description"; Value = "Datasheet"; VariantName = "[No Variations]"
Add component (AddParameter): Name = "ComponentLink1URL"; Value = "https://www.yageo.com/upload/media/product/productsearch/datasheet/rchip/PYu-RC_Group_51_RoHS_L_12.pdf"; VariantName = "[No Variations]"
Add component (AddParameter): Name = "MPN"; Value = "RC0402FR-07100KL"; VariantName = "[No Variations]"
Added Component: Designator=R9(RESC1005X04M-0402)
Add component (AddParameter): Name = "ComponentLink1Description"; Value = "Datasheet"; VariantName = "[No Variations]"
Add component (AddParameter): Name = "ComponentLink1URL"; Value = "https://www.yageo.com/upload/media/product/productsearch/datasheet/rchip/PYu-RC_Group_51_RoHS_L_12.pdf"; VariantName = "[No Variations]"
Add component (AddParameter): Name = "MPN"; Value = "RC0402FR-0747KL"; VariantName = "[No Variations]"
Added Component: Designator=R10(RESC1005X04M-0402)
Add component (AddParameter): Name = "ComponentLink1Description"; Value = "Datasheet"; VariantName = "[No Variations]"
Add component (AddParameter): Name = "ComponentLink1URL"; Value = "https://www.yageo.com/upload/media/product/productsearch/datasheet/rchip/PYu-RC_Group_51_RoHS_L_12.pdf"; VariantName = "[No Variations]"
Add component (AddParameter): Name = "MPN"; Value = "RC0402FR-0747KL"; VariantName = "[No Variations]"
Added Component: Designator=R11(RESC1005X04M-0402)
Add component (AddParameter): Name = "ComponentLink1Description"; Value = "Datasheet"; VariantName = "[No Variations]"
Add component (AddParameter): Name = "ComponentLink1URL"; Value = "https://www.yageo.com/upload/media/product/productsearch/datasheet/rchip/PYu-RC_Group_51_RoHS_L_12.pdf"; VariantName = "[No Variations]"
Add component (AddParameter): Name = "MPN"; Value = "RC0402FR-0747KL"; VariantName = "[No Variations]"
Added Component: Designator=R12(RESC1005X04M-0402)
Add component (AddParameter): Name = "ComponentLink1Description"; Value = "Datasheet"; VariantName = "[No Variations]"
Add component (AddParameter): Name = "ComponentLink1URL"; Value = "https://www.yageo.com/upload/media/product/productsearch/datasheet/rchip/PYu-RC_Group_51_RoHS_L_12.pdf"; VariantName = "[No Variations]"
Add component (AddParameter): Name = "MPN"; Value = "RC0402FR-0747KL"; VariantName = "[No Variations]"
Added Component: Designator=R13(RESC1005X04M-0402)
Add component (AddParameter): Name = "ComponentLink1Description"; Value = "Datasheet"; VariantName = "[No Variations]"
Add component (AddParameter): Name = "ComponentLink1URL"; Value = "https://www.yageo.com/upload/media/product/productsearch/datasheet/rchip/PYu-RC_Group_51_RoHS_L_12.pdf"; VariantName = "[No Variations]"
Add component (AddParameter): Name = "MPN"; Value = "RC0402FR-0747KL"; VariantName = "[No Variations]"
Added Component: Designator=R14(RESC1005X04M-0402)
Add component (AddParameter): Name = "ComponentLink1Description"; Value = "Datasheet"; VariantName = "[No Variations]"
Add component (AddParameter): Name = "ComponentLink1URL"; Value = "https://www.yageo.com/upload/media/product/productsearch/datasheet/rchip/PYu-RC_Group_51_RoHS_L_12.pdf"; VariantName = "[No Variations]"
Add component (AddParameter): Name = "MPN"; Value = "RC0402FR-0747KL"; VariantName = "[No Variations]"
Added Component: Designator=R15(RESC1005X04M-0402)
Add component (AddParameter): Name = "ComponentLink1Description"; Value = "Datasheet"; VariantName = "[No Variations]"
Add component (AddParameter): Name = "ComponentLink1URL"; Value = "https://www.yageo.com/upload/media/product/productsearch/datasheet/rchip/PYu-RC_Group_51_RoHS_L_12.pdf"; VariantName = "[No Variations]"
Add component (AddParameter): Name = "MPN"; Value = "RC0402FR-071K5L"; VariantName = "[No Variations]"
Added Component: Designator=R16(RESC1005X04M-0402)
Add component (AddParameter): Name = "ComponentLink1Description"; Value = "Datasheet"; VariantName = "[No Variations]"
Add component (AddParameter): Name = "ComponentLink1URL"; Value = "https://www.yageo.com/upload/media/product/productsearch/datasheet/rchip/PYu-RC_Group_51_RoHS_L_12.pdf"; VariantName = "[No Variations]"
Add component (AddParameter): Name = "MPN"; Value = "RC0402FR-0710RL"; VariantName = "[No Variations]"
Added Component: Designator=R17(RESC1005X04M-0402)
Add component (AddParameter): Name = "ComponentLink1Description"; Value = "Datasheet"; VariantName = "[No Variations]"
Add component (AddParameter): Name = "ComponentLink1URL"; Value = "https://www.yageo.com/upload/media/product/productsearch/datasheet/rchip/PYu-RC_Group_51_RoHS_L_12.pdf"; VariantName = "[No Variations]"
Add component (AddParameter): Name = "MPN"; Value = "RC0402FR-0710RL"; VariantName = "[No Variations]"
Added Component: Designator=R18(RESC1005X04M-0402)
Add component (AddParameter): Name = "ComponentLink1Description"; Value = "Datasheet"; VariantName = "[No Variations]"
Add component (AddParameter): Name = "ComponentLink1URL"; Value = "https://www.yageo.com/upload/media/product/productsearch/datasheet/rchip/PYu-RC_Group_51_RoHS_L_12.pdf"; VariantName = "[No Variations]"
Add component (AddParameter): Name = "MPN"; Value = "RC0402FR-0710RL"; VariantName = "[No Variations]"
Added Component: Designator=R19(RESC1005X04M-0402)
Add component (AddParameter): Name = "ComponentLink1Description"; Value = "Datasheet"; VariantName = "[No Variations]"
Add component (AddParameter): Name = "ComponentLink1URL"; Value = "https://www.yageo.com/upload/media/product/productsearch/datasheet/rchip/PYu-RC_Group_51_RoHS_L_12.pdf"; VariantName = "[No Variations]"
Add component (AddParameter): Name = "MPN"; Value = "RC0402FR-0710RL"; VariantName = "[No Variations]"
Added Component: Designator=R20(RESC1005X04M-0402)
Add component (AddParameter): Name = "ComponentLink1Description"; Value = "Datasheet"; VariantName = "[No Variations]"
Add component (AddParameter): Name = "ComponentLink1URL"; Value = "https://www.yageo.com/upload/media/product/productsearch/datasheet/rchip/PYu-RC_Group_51_RoHS_L_12.pdf"; VariantName = "[No Variations]"
Add component (AddParameter): Name = "MPN"; Value = "RC0402FR-07100KL"; VariantName = "[No Variations]"
Added Component: Designator=R21(RESC1005X04M-0402)
Add component (AddParameter): Name = "ComponentLink1Description"; Value = "Datasheet"; VariantName = "[No Variations]"
Add component (AddParameter): Name = "ComponentLink1URL"; Value = "https://www.yageo.com/upload/media/product/productsearch/datasheet/rchip/PYu-RC_Group_51_RoHS_L_12.pdf"; VariantName = "[No Variations]"
Add component (AddParameter): Name = "MPN"; Value = "RC0402FR-0712K1L"; VariantName = "[No Variations]"
Added Component: Designator=R22(RESC1005X04M-0402)
Add component (AddParameter): Name = "ComponentLink1Description"; Value = "Datasheet"; VariantName = "[No Variations]"
Add component (AddParameter): Name = "ComponentLink1URL"; Value = "https://www.yageo.com/upload/media/product/productsearch/datasheet/rchip/PYu-RC_Group_51_RoHS_L_12.pdf"; VariantName = "[No Variations]"
Add component (AddParameter): Name = "MPN"; Value = "RC0402FR-0733RL"; VariantName = "[No Variations]"
Added Component: Designator=R23(RESC1005X04M-0402)
Add component (AddParameter): Name = "ComponentLink1Description"; Value = "Datasheet"; VariantName = "[No Variations]"
Add component (AddParameter): Name = "ComponentLink1URL"; Value = "https://www.yageo.com/upload/media/product/productsearch/datasheet/rchip/PYu-RC_Group_51_RoHS_L_12.pdf"; VariantName = "[No Variations]"
Add component (AddParameter): Name = "MPN"; Value = "RC0402FR-07100KL"; VariantName = "[No Variations]"
Added Component: Designator=R24(RESC1005X04M-0402)
Add component (AddParameter): Name = "ComponentLink1Description"; Value = "Datasheet"; VariantName = "[No Variations]"
Add component (AddParameter): Name = "ComponentLink1URL"; Value = "https://www.yageo.com/upload/media/product/productsearch/datasheet/rchip/PYu-RC_Group_51_RoHS_L_12.pdf"; VariantName = "[No Variations]"
Add component (AddParameter): Name = "MPN"; Value = "RC0402FR-0747KL"; VariantName = "[No Variations]"
Added Component: Designator=R25(RESC1005X04M-0402)
Add component (AddParameter): Name = "ComponentLink1Description"; Value = "Datasheet"; VariantName = "[No Variations]"
Add component (AddParameter): Name = "ComponentLink1URL"; Value = "https://www.yageo.com/upload/media/product/productsearch/datasheet/rchip/PYu-RC_Group_51_RoHS_L_12.pdf"; VariantName = "[No Variations]"
Add component (AddParameter): Name = "MPN"; Value = "RC0402FR-0747KL"; VariantName = "[No Variations]"
Added Component: Designator=R26(RESC1005X04M-0402)
Add component (AddParameter): Name = "ComponentLink1Description"; Value = "Datasheet"; VariantName = "[No Variations]"
Add component (AddParameter): Name = "ComponentLink1URL"; Value = "https://www.yageo.com/upload/media/product/productsearch/datasheet/rchip/PYu-RC_Group_51_RoHS_L_12.pdf"; VariantName = "[No Variations]"
Add component (AddParameter): Name = "MPN"; Value = "RC0402FR-0747KL"; VariantName = "[No Variations]"
Added Component: Designator=R27(RESC1005X04M-0402)
Add component (AddParameter): Name = "ComponentLink1Description"; Value = "Datasheet"; VariantName = "[No Variations]"
Add component (AddParameter): Name = "ComponentLink1URL"; Value = "https://www.yageo.com/upload/media/product/productsearch/datasheet/rchip/PYu-RC_Group_51_RoHS_L_12.pdf"; VariantName = "[No Variations]"
Add component (AddParameter): Name = "MPN"; Value = "RC0402FR-0747KL"; VariantName = "[No Variations]"
Added Component: Designator=R28(RESC1005X04M-0402)
Add component (AddParameter): Name = "ComponentLink1Description"; Value = "Datasheet"; VariantName = "[No Variations]"
Add component (AddParameter): Name = "ComponentLink1URL"; Value = "https://www.yageo.com/upload/media/product/productsearch/datasheet/rchip/PYu-RC_Group_51_RoHS_L_12.pdf"; VariantName = "[No Variations]"
Add component (AddParameter): Name = "MPN"; Value = "RC0402FR-0722RL"; VariantName = "[No Variations]"
Added Component: Designator=R29(RESC1005X04M-0402)
Add component (AddParameter): Name = "ComponentLink1Description"; Value = "Datasheet"; VariantName = "[No Variations]"
Add component (AddParameter): Name = "ComponentLink1URL"; Value = "https://www.yageo.com/upload/media/product/productsearch/datasheet/rchip/PYu-RC_Group_51_RoHS_L_12.pdf"; VariantName = "[No Variations]"
Add component (AddParameter): Name = "MPN"; Value = "RC0402FR-0722RL"; VariantName = "[No Variations]"
Added Component: Designator=R30(RESC1005X04M-0402)
Add component (AddParameter): Name = "ComponentLink1Description"; Value = "Datasheet"; VariantName = "[No Variations]"
Add component (AddParameter): Name = "ComponentLink1URL"; Value = "https://www.yageo.com/upload/media/product/productsearch/datasheet/rchip/PYu-RC_Group_51_RoHS_L_12.pdf"; VariantName = "[No Variations]"
Add component (AddParameter): Name = "MPN"; Value = "RC0402FR-0722RL"; VariantName = "[No Variations]"
Added Component: Designator=R31(RESC1005X04M-0402)
Add component (AddParameter): Name = "ComponentLink1Description"; Value = "Datasheet"; VariantName = "[No Variations]"
Add component (AddParameter): Name = "ComponentLink1URL"; Value = "https://www.yageo.com/upload/media/product/productsearch/datasheet/rchip/PYu-RC_Group_51_RoHS_L_12.pdf"; VariantName = "[No Variations]"
Add component (AddParameter): Name = "MPN"; Value = "RC0402FR-0722RL"; VariantName = "[No Variations]"
Added Component: Designator=R32(RESC1005X04M-0402)
Add component (AddParameter): Name = "ComponentLink1Description"; Value = "Datasheet"; VariantName = "[No Variations]"
Add component (AddParameter): Name = "ComponentLink1URL"; Value = "https://www.yageo.com/upload/media/product/productsearch/datasheet/rchip/PYu-RC_Group_51_RoHS_L_12.pdf"; VariantName = "[No Variations]"
Add component (AddParameter): Name = "MPN"; Value = "RC0402FR-0722RL"; VariantName = "[No Variations]"
Added Component: Designator=R33(RESC1005X04M-0402)
Add component (AddParameter): Name = "ComponentLink1Description"; Value = "Datasheet"; VariantName = "[No Variations]"
Add component (AddParameter): Name = "ComponentLink1URL"; Value = "https://www.yageo.com/upload/media/product/productsearch/datasheet/rchip/PYu-RC_Group_51_RoHS_L_12.pdf"; VariantName = "[No Variations]"
Add component (AddParameter): Name = "MPN"; Value = "RC0402FR-0722RL"; VariantName = "[No Variations]"
Added Component: Designator=R34(RESC1005X04M-0402)
Add component (AddParameter): Name = "ComponentLink1Description"; Value = "Datasheet"; VariantName = "[No Variations]"
Add component (AddParameter): Name = "ComponentLink1URL"; Value = "https://www.yageo.com/upload/media/product/productsearch/datasheet/rchip/PYu-RC_Group_51_RoHS_L_12.pdf"; VariantName = "[No Variations]"
Add component (AddParameter): Name = "MPN"; Value = "RC0402FR-0722RL"; VariantName = "[No Variations]"
Added Component: Designator=R35(RESC1005X04M-0402)
Add component (AddParameter): Name = "ComponentLink1Description"; Value = "Datasheet"; VariantName = "[No Variations]"
Add component (AddParameter): Name = "ComponentLink1URL"; Value = "https://www.yageo.com/upload/media/product/productsearch/datasheet/rchip/PYu-RC_Group_51_RoHS_L_12.pdf"; VariantName = "[No Variations]"
Add component (AddParameter): Name = "MPN"; Value = "RC0402FR-0722RL"; VariantName = "[No Variations]"
Added Component: Designator=R36(RESC1005X04M-0402)
Add component (AddParameter): Name = "ComponentLink1Description"; Value = "Datasheet"; VariantName = "[No Variations]"
Add component (AddParameter): Name = "ComponentLink1URL"; Value = "https://www.yageo.com/upload/media/product/productsearch/datasheet/rchip/PYu-RC_Group_51_RoHS_L_12.pdf"; VariantName = "[No Variations]"
Add component (AddParameter): Name = "MPN"; Value = "RC0402FR-0722RL"; VariantName = "[No Variations]"
Added Component: Designator=R37(RESC1005X04M-0402)
Add component (AddParameter): Name = "ComponentLink1Description"; Value = "Datasheet"; VariantName = "[No Variations]"
Add component (AddParameter): Name = "ComponentLink1URL"; Value = "https://www.yageo.com/upload/media/product/productsearch/datasheet/rchip/PYu-RC_Group_51_RoHS_L_12.pdf"; VariantName = "[No Variations]"
Add component (AddParameter): Name = "MPN"; Value = "RC0402FR-0722RL"; VariantName = "[No Variations]"
Added Component: Designator=SW1(PTS815 SJM 250 SMTR LFS)
Add component (AddParameter): Name = "ComponentLink1Description"; Value = "Datasheet"; VariantName = "[No Variations]"
Add component (AddParameter): Name = "ComponentLink1URL"; Value = "https://www.ckswitches.com/media/2728/pts815.pdf"; VariantName = "[No Variations]"
Add component (AddParameter): Name = "MPN"; Value = "PTS815 SJM 250 SMTR LFS"; VariantName = "[No Variations]"
Added Component: Designator=U1(BGA201C65P15X15_1000X1000X60)
Add component (AddParameter): Name = "ComponentLink1Description"; Value = "Datasheet"; VariantName = "[No Variations]"
Add component (AddParameter): Name = "ComponentLink1URL"; Value = "https://eu.mouser.com/datasheet/2/389/stm32f427vg-1760963.pdf"; VariantName = "[No Variations]"
Add component (AddParameter): Name = "MPN"; Value = "STM32F429IIH6"; VariantName = "[No Variations]"
Added Component: Designator=U2(TFBGA-54)
Add component (AddParameter): Name = "ComponentLink1Description"; Value = "Datasheet"; VariantName = "[No Variations]"
Add component (AddParameter): Name = "ComponentLink1URL"; Value = "https://www.alliancememory.com/wp-content/uploads/pdf/dram/128M-AS4C8M16SA.pdf"; VariantName = "[No Variations]"
Add component (AddParameter): Name = "MPN"; Value = "AS4C8M16SA-6BINTR"; VariantName = "[No Variations]"
Added Component: Designator=U3(BGA48C80P6X8_615X815X100)
Add component (AddParameter): Name = "ComponentLink1Description"; Value = "Datasheet"; VariantName = "[No Variations]"
Add component (AddParameter): Name = "ComponentLink1URL"; Value = "https://www.infineon.com/dgdl/Infineon-S29AL016J_16_MBIT_(2M_X_8_BIT_1M_X_16_BIT)_3_V_BOOT_SECTOR_FLASH-DataSheet-v18_00-EN.pdf?fileId=8ac78c8c7d0d8da4017d0ed709c05803"; VariantName = "[No Variations]"
Add component (AddParameter): Name = "MPN"; Value = "S29AL016J70BFN020"; VariantName = "[No Variations]"
Added Component: Designator=U4(BGA54C50P14X14_1150X1300X100)
Add component (AddParameter): Name = "ComponentLink1Description"; Value = "Datasheet"; VariantName = "[No Variations]"
Add component (AddParameter): Name = "ComponentLink1URL"; Value = "https://www.alliancememory.com/wp-content/uploads/pdf/eMMC/AllianceMemory_4GB_ASFC4G31M-51BIN_eMMCdatasheet_December2021_v1.0.pdf"; VariantName = "[No Variations]"
Add component (AddParameter): Name = "MPN"; Value = "ASFC4G31M-51BIN"; VariantName = "[No Variations]"
Added Component: Designator=U5(SON50P200X60_HS-9N)
Add component (AddParameter): Name = "ComponentLink1Description"; Value = "Datasheet"; VariantName = "[No Variations]"
Add component (AddParameter): Name = "ComponentLink1URL"; Value = "https://ww1.microchip.com/downloads/en/DeviceDoc/ATECC608A-CryptoAuthentication-Device-Summary-Data-Sheet-DS40001977B.pdf"; VariantName = "[No Variations]"
Add component (AddParameter): Name = "MPN"; Value = "ATECC608A-MAHDA-S"; VariantName = "[No Variations]"
Added Component: Designator=U6(QFN24P50_40X40X85L40X25)
Add component (AddParameter): Name = "ComponentLink1Description"; Value = "Datasheet"; VariantName = "[No Variations]"
Add component (AddParameter): Name = "ComponentLink1URL"; Value = "https://ww1.microchip.com/downloads/aemDocuments/documents/OTH/ProductDocuments/DataSheets/00002165B.pdf"; VariantName = "[No Variations]"
Add component (AddParameter): Name = "MPN"; Value = "LAN8720A-CP-ABC"; VariantName = "[No Variations]"
Added Component: Designator=U7(DFN-8)
Add component (AddParameter): Name = "ComponentLink1Description"; Value = "Datasheet"; VariantName = "[No Variations]"
Add component (AddParameter): Name = "ComponentLink1URL"; Value = "https://www.analog.com/media/en/technical-documentation/data-sheets/LTC2875.pdf"; VariantName = "[No Variations]"
Add component (AddParameter): Name = "MPN"; Value = "LTC2875HDD#TRPBF"; VariantName = "[No Variations]"
Added Component: Designator=U8(VSON-HR (DMQ))
Add component (AddParameter): Name = "ComponentLink1Description"; Value = "Datasheet"; VariantName = "[No Variations]"
Add component (AddParameter): Name = "ComponentLink1URL"; Value = "https://www.ti.com/lit/ds/symlink/tps62825.pdf"; VariantName = "[No Variations]"
Add component (AddParameter): Name = "MPN"; Value = "TPS6282533DMQR"; VariantName = "[No Variations]"
Added Component: Designator=X1(4-SMD)
Add component (AddParameter): Name = "ComponentLink1Description"; Value = "Datasheet"; VariantName = "[No Variations]"
Add component (AddParameter): Name = "ComponentLink1URL"; Value = "https://www.murata.com/~/media/webrenewal/campaign/ads/america/timing/p79e.ashx?la=en-us"; VariantName = "[No Variations]"
Add component (AddParameter): Name = "MPN"; Value = "XRCGB25M000F3M00R0"; VariantName = "[No Variations]"
Added Component: Designator=X2(2-SMD)
Add component (AddParameter): Name = "ComponentLink1Description"; Value = "Datasheet"; VariantName = "[No Variations]"
Add component (AddParameter): Name = "ComponentLink1URL"; Value = "https://ecsxtal.com/store/pdf/ECX-16.pdf"; VariantName = "[No Variations]"
Add component (AddParameter): Name = "MPN"; Value = "ECS-.327-12.5-16-TR"; VariantName = "[No Variations]"
Added Pin To Net: NetName=+3V3ETH Pin=C46-2
Added Pin To Net: NetName=+3V3ETH Pin=C47-2
Added Pin To Net: NetName=+3V3ETH Pin=C48-2
Added Pin To Net: NetName=+3V3ETH Pin=L3-2
Added Pin To Net: NetName=+3V3ETH Pin=R15-2
Added Pin To Net: NetName=+3V3ETH Pin=R16-2
Added Pin To Net: NetName=+3V3ETH Pin=R23-1
Added Pin To Net: NetName=+3V3ETH Pin=U6-1
Added Pin To Net: NetName=+3V3ETH Pin=U6-19
Added Net: Name=+3V3ETH
Added Pin To Net: NetName=+3V3 Pin=C2-2
Added Pin To Net: NetName=+3V3 Pin=C3-2
Added Pin To Net: NetName=+3V3 Pin=C4-2
Added Pin To Net: NetName=+3V3 Pin=C5-2
Added Pin To Net: NetName=+3V3 Pin=C6-2
Added Pin To Net: NetName=+3V3 Pin=C7-2
Added Pin To Net: NetName=+3V3 Pin=C8-2
Added Pin To Net: NetName=+3V3 Pin=C9-2
Added Pin To Net: NetName=+3V3 Pin=C10-2
Added Pin To Net: NetName=+3V3 Pin=C11-2
Added Pin To Net: NetName=+3V3 Pin=C12-2
Added Pin To Net: NetName=+3V3 Pin=C13-2
Added Pin To Net: NetName=+3V3 Pin=C14-2
Added Pin To Net: NetName=+3V3 Pin=C15-2
Added Pin To Net: NetName=+3V3 Pin=C16-2
Added Pin To Net: NetName=+3V3 Pin=C17-2
Added Pin To Net: NetName=+3V3 Pin=C18-2
Added Pin To Net: NetName=+3V3 Pin=C19-2
Added Pin To Net: NetName=+3V3 Pin=C22-2
Added Pin To Net: NetName=+3V3 Pin=C23-2
Added Pin To Net: NetName=+3V3 Pin=C24-2
Added Pin To Net: NetName=+3V3 Pin=C25-2
Added Pin To Net: NetName=+3V3 Pin=C26-2
Added Pin To Net: NetName=+3V3 Pin=C27-2
Added Pin To Net: NetName=+3V3 Pin=C28-2
Added Pin To Net: NetName=+3V3 Pin=C29-2
Added Pin To Net: NetName=+3V3 Pin=C30-2
Added Pin To Net: NetName=+3V3 Pin=C31-2
Added Pin To Net: NetName=+3V3 Pin=C32-2
Added Pin To Net: NetName=+3V3 Pin=C33-2
Added Pin To Net: NetName=+3V3 Pin=C34-2
Added Pin To Net: NetName=+3V3 Pin=C35-2
Added Pin To Net: NetName=+3V3 Pin=C36-2
Added Pin To Net: NetName=+3V3 Pin=C41-2
Added Pin To Net: NetName=+3V3 Pin=C42-2
Added Pin To Net: NetName=+3V3 Pin=C49-2
Added Pin To Net: NetName=+3V3 Pin=C51-2
Added Pin To Net: NetName=+3V3 Pin=C52-2
Added Pin To Net: NetName=+3V3 Pin=C53-2
Added Pin To Net: NetName=+3V3 Pin=L1-2
Added Pin To Net: NetName=+3V3 Pin=L2-1
Added Pin To Net: NetName=+3V3 Pin=L3-1
Added Pin To Net: NetName=+3V3 Pin=R3-1
Added Pin To Net: NetName=+3V3 Pin=R4-1
Added Pin To Net: NetName=+3V3 Pin=R5-1
Added Pin To Net: NetName=+3V3 Pin=R6-1
Added Pin To Net: NetName=+3V3 Pin=R8-1
Added Pin To Net: NetName=+3V3 Pin=R9-2
Added Pin To Net: NetName=+3V3 Pin=R10-2
Added Pin To Net: NetName=+3V3 Pin=R11-2
Added Pin To Net: NetName=+3V3 Pin=R12-2
Added Pin To Net: NetName=+3V3 Pin=R13-2
Added Pin To Net: NetName=+3V3 Pin=R14-2
Added Pin To Net: NetName=+3V3 Pin=R20-1
Added Pin To Net: NetName=+3V3 Pin=R24-2
Added Pin To Net: NetName=+3V3 Pin=R25-2
Added Pin To Net: NetName=+3V3 Pin=R26-2
Added Pin To Net: NetName=+3V3 Pin=R27-2
Added Pin To Net: NetName=+3V3 Pin=U1-C1
Added Pin To Net: NetName=+3V3 Pin=U1-C5
Added Pin To Net: NetName=+3V3 Pin=U1-C7
Added Pin To Net: NetName=+3V3 Pin=U1-C8
Added Pin To Net: NetName=+3V3 Pin=U1-C9
Added Pin To Net: NetName=+3V3 Pin=U1-F3
Added Pin To Net: NetName=+3V3 Pin=U1-G3
Added Pin To Net: NetName=+3V3 Pin=U1-G13
Added Pin To Net: NetName=+3V3 Pin=U1-H13
Added Pin To Net: NetName=+3V3 Pin=U1-J12
Added Pin To Net: NetName=+3V3 Pin=U1-J13
Added Pin To Net: NetName=+3V3 Pin=U1-K4
Added Pin To Net: NetName=+3V3 Pin=U1-N8
Added Pin To Net: NetName=+3V3 Pin=U1-N9
Added Pin To Net: NetName=+3V3 Pin=U1-N10
Added Pin To Net: NetName=+3V3 Pin=U2-A7
Added Pin To Net: NetName=+3V3 Pin=U2-A9
Added Pin To Net: NetName=+3V3 Pin=U2-B3
Added Pin To Net: NetName=+3V3 Pin=U2-C7
Added Pin To Net: NetName=+3V3 Pin=U2-D3
Added Pin To Net: NetName=+3V3 Pin=U2-E7
Added Pin To Net: NetName=+3V3 Pin=U2-J9
Added Pin To Net: NetName=+3V3 Pin=U3-G4
Added Pin To Net: NetName=+3V3 Pin=U4-C2
Added Pin To Net: NetName=+3V3 Pin=U4-C6
Added Pin To Net: NetName=+3V3 Pin=U4-E6
Added Pin To Net: NetName=+3V3 Pin=U4-F5
Added Pin To Net: NetName=+3V3 Pin=U4-J10
Added Pin To Net: NetName=+3V3 Pin=U4-K9
Added Pin To Net: NetName=+3V3 Pin=U4-M4
Added Pin To Net: NetName=+3V3 Pin=U4-N4
Added Pin To Net: NetName=+3V3 Pin=U4-P3
Added Pin To Net: NetName=+3V3 Pin=U4-P5
Added Pin To Net: NetName=+3V3 Pin=U5-8
Added Pin To Net: NetName=+3V3 Pin=U6-9
Added Pin To Net: NetName=+3V3 Pin=U7-3
Added Pin To Net: NetName=+3V3 Pin=U8-3
Added Net: Name=+3V3
Added Pin To Net: NetName=5V_POWER Pin=C1-2
Added Pin To Net: NetName=5V_POWER Pin=J2-19
Added Pin To Net: NetName=5V_POWER Pin=J2-20
Added Pin To Net: NetName=5V_POWER Pin=J2-21
Added Pin To Net: NetName=5V_POWER Pin=J2-22
Added Pin To Net: NetName=5V_POWER Pin=R1-2
Added Pin To Net: NetName=5V_POWER Pin=R2-2
Added Pin To Net: NetName=5V_POWER Pin=U8-6
Added Net: Name=5V_POWER
Added Pin To Net: NetName=ADC_IN0 Pin=J2-26
Added Pin To Net: NetName=ADC_IN0 Pin=U1-N3
Added Net: Name=ADC_IN0
Added Pin To Net: NetName=ADC_IN4 Pin=J2-25
Added Pin To Net: NetName=ADC_IN4 Pin=U1-N4
Added Net: Name=ADC_IN4
Added Pin To Net: NetName=ADC_IN6 Pin=J2-24
Added Pin To Net: NetName=ADC_IN6 Pin=U1-P3
Added Net: Name=ADC_IN6
Added Pin To Net: NetName=ADC_IN12 Pin=J2-15
Added Pin To Net: NetName=ADC_IN12 Pin=U1-M4
Added Net: Name=ADC_IN12
Added Pin To Net: NetName=ADC_IN13 Pin=J2-16
Added Pin To Net: NetName=ADC_IN13 Pin=U1-M5
Added Net: Name=ADC_IN13
Added Pin To Net: NetName=BYPASS_REG Pin=R3-2
Added Pin To Net: NetName=BYPASS_REG Pin=U1-L4
Added Net: Name=BYPASS_REG
Added Pin To Net: NetName=CAN1_RX Pin=U1-D3
Added Pin To Net: NetName=CAN1_RX Pin=U7-4
Added Net: Name=CAN1_RX
Added Pin To Net: NetName=CAN1_TX Pin=U1-E12
Added Pin To Net: NetName=CAN1_TX Pin=U7-1
Added Net: Name=CAN1_TX
Added Pin To Net: NetName=CAN_H Pin=J2-34
Added Pin To Net: NetName=CAN_H Pin=U7-7
Added Net: Name=CAN_H
Added Pin To Net: NetName=CAN_L Pin=J2-33
Added Pin To Net: NetName=CAN_L Pin=U7-6
Added Net: Name=CAN_L
Added Pin To Net: NetName=CAN_RS Pin=U1-E13
Added Pin To Net: NetName=CAN_RS Pin=U7-8
Added Net: Name=CAN_RS
Added Pin To Net: NetName=CAN_SPLIT Pin=J2-7
Added Pin To Net: NetName=CAN_SPLIT Pin=U7-5
Added Net: Name=CAN_SPLIT
Added Pin To Net: NetName=DAC_OUT2 Pin=J2-9
Added Pin To Net: NetName=DAC_OUT2 Pin=U1-P4
Added Net: Name=DAC_OUT2
Added Pin To Net: NetName=eMMC_CLK Pin=R37-1
Added Pin To Net: NetName=eMMC_CLK Pin=U1-A12
Added Net: Name=eMMC_CLK
Added Pin To Net: NetName=eMMC_CMD Pin=R10-1
Added Pin To Net: NetName=eMMC_CMD Pin=R36-1
Added Pin To Net: NetName=eMMC_CMD Pin=U1-D12
Added Net: Name=eMMC_CMD
Added Pin To Net: NetName=eMMC_DAT0 Pin=R27-1
Added Pin To Net: NetName=eMMC_DAT0 Pin=R28-1
Added Pin To Net: NetName=eMMC_DAT0 Pin=U1-G14
Added Net: Name=eMMC_DAT0
Added Pin To Net: NetName=eMMC_DAT1 Pin=R26-1
Added Pin To Net: NetName=eMMC_DAT1 Pin=R29-1
Added Pin To Net: NetName=eMMC_DAT1 Pin=U1-F14
Added Net: Name=eMMC_DAT1
Added Pin To Net: NetName=eMMC_DAT2 Pin=R25-1
Added Pin To Net: NetName=eMMC_DAT2 Pin=R30-1
Added Pin To Net: NetName=eMMC_DAT2 Pin=U1-B14
Added Net: Name=eMMC_DAT2
Added Pin To Net: NetName=eMMC_DAT3 Pin=R24-1
Added Pin To Net: NetName=eMMC_DAT3 Pin=R31-1
Added Pin To Net: NetName=eMMC_DAT3 Pin=U1-B13
Added Net: Name=eMMC_DAT3
Added Pin To Net: NetName=eMMC_DAT4 Pin=R14-1
Added Pin To Net: NetName=eMMC_DAT4 Pin=R32-1
Added Pin To Net: NetName=eMMC_DAT4 Pin=U1-A5
Added Net: Name=eMMC_DAT4
Added Pin To Net: NetName=eMMC_DAT5 Pin=R13-1
Added Pin To Net: NetName=eMMC_DAT5 Pin=R33-1
Added Pin To Net: NetName=eMMC_DAT5 Pin=U1-B4
Added Net: Name=eMMC_DAT5
Added Pin To Net: NetName=eMMC_DAT6 Pin=R12-1
Added Pin To Net: NetName=eMMC_DAT6 Pin=R34-1
Added Pin To Net: NetName=eMMC_DAT6 Pin=U1-H15
Added Net: Name=eMMC_DAT6
Added Pin To Net: NetName=eMMC_DAT7 Pin=R11-1
Added Pin To Net: NetName=eMMC_DAT7 Pin=R35-1
Added Pin To Net: NetName=eMMC_DAT7 Pin=U1-G15
Added Net: Name=eMMC_DAT7
Added Pin To Net: NetName=eMMC_DS Pin=U4-H5
Added Net: Name=eMMC_DS
Added Pin To Net: NetName=eMMC_RSTN Pin=R9-1
Added Pin To Net: NetName=eMMC_RSTN Pin=U1-D1
Added Pin To Net: NetName=eMMC_RSTN Pin=U4-K5
Added Net: Name=eMMC_RSTN
Added Pin To Net: NetName=EN Pin=R1-1
Added Pin To Net: NetName=EN Pin=U8-1
Added Net: Name=EN
Added Pin To Net: NetName=ETH_CRS_DV Pin=R19-1
Added Pin To Net: NetName=ETH_CRS_DV Pin=U1-R3
Added Net: Name=ETH_CRS_DV
Added Pin To Net: NetName=ETH_MDC Pin=U1-M3
Added Pin To Net: NetName=ETH_MDC Pin=U6-13
Added Net: Name=ETH_MDC
Added Pin To Net: NetName=ETH_MDIO Pin=R15-1
Added Pin To Net: NetName=ETH_MDIO Pin=U1-P2
Added Pin To Net: NetName=ETH_MDIO Pin=U6-12
Added Net: Name=ETH_MDIO
Added Pin To Net: NetName=ETH_REF_CLK Pin=R22-1
Added Pin To Net: NetName=ETH_REF_CLK Pin=U1-N2
Added Net: Name=ETH_REF_CLK
Added Pin To Net: NetName=ETH_RXD0 Pin=R17-1
Added Pin To Net: NetName=ETH_RXD0 Pin=U1-N5
Added Net: Name=ETH_RXD0
Added Pin To Net: NetName=ETH_RXD1 Pin=R18-1
Added Pin To Net: NetName=ETH_RXD1 Pin=U1-P5
Added Net: Name=ETH_RXD1
Added Pin To Net: NetName=ETH_TX_EN Pin=U1-B9
Added Pin To Net: NetName=ETH_TX_EN Pin=U6-16
Added Net: Name=ETH_TX_EN
Added Pin To Net: NetName=ETH_TXD0 Pin=U1-A8
Added Pin To Net: NetName=ETH_TXD0 Pin=U6-17
Added Net: Name=ETH_TXD0
Added Pin To Net: NetName=ETH_TXD1 Pin=U1-A7
Added Pin To Net: NetName=ETH_TXD1 Pin=U6-18
Added Net: Name=ETH_TXD1
Added Pin To Net: NetName=Ethernet_LED1 Pin=J2-36
Added Pin To Net: NetName=Ethernet_LED1 Pin=U6-3
Added Net: Name=Ethernet_LED1
Added Pin To Net: NetName=Ethernet_LED2 Pin=J2-5
Added Pin To Net: NetName=Ethernet_LED2 Pin=U6-2
Added Net: Name=Ethernet_LED2
Added Pin To Net: NetName=Ethernet_RX_N Pin=J2-38
Added Pin To Net: NetName=Ethernet_RX_N Pin=U6-22
Added Net: Name=Ethernet_RX_N
Added Pin To Net: NetName=Ethernet_RX_P Pin=J2-39
Added Pin To Net: NetName=Ethernet_RX_P Pin=U6-23
Added Net: Name=Ethernet_RX_P
Added Pin To Net: NetName=Ethernet_TX_N Pin=J2-3
Added Pin To Net: NetName=Ethernet_TX_N Pin=U6-20
Added Net: Name=Ethernet_TX_N
Added Pin To Net: NetName=Ethernet_TX_P Pin=J2-2
Added Pin To Net: NetName=Ethernet_TX_P Pin=U6-21
Added Net: Name=Ethernet_TX_P
Added Pin To Net: NetName=FMC_A0 Pin=U1-E2
Added Pin To Net: NetName=FMC_A0 Pin=U2-H7
Added Pin To Net: NetName=FMC_A0 Pin=U3-E1
Added Net: Name=FMC_A0
Added Pin To Net: NetName=FMC_A1 Pin=U1-H3
Added Pin To Net: NetName=FMC_A1 Pin=U2-H8
Added Pin To Net: NetName=FMC_A1 Pin=U3-D1
Added Net: Name=FMC_A1
Added Pin To Net: NetName=FMC_A2 Pin=U1-H2
Added Pin To Net: NetName=FMC_A2 Pin=U2-J8
Added Pin To Net: NetName=FMC_A2 Pin=U3-C1
Added Net: Name=FMC_A2
Added Pin To Net: NetName=FMC_A3 Pin=U1-J2
Added Pin To Net: NetName=FMC_A3 Pin=U2-J7
Added Pin To Net: NetName=FMC_A3 Pin=U3-A1
Added Net: Name=FMC_A3
Added Pin To Net: NetName=FMC_A4 Pin=U1-J3
Added Pin To Net: NetName=FMC_A4 Pin=U2-J3
Added Pin To Net: NetName=FMC_A4 Pin=U3-B1
Added Net: Name=FMC_A4
Added Pin To Net: NetName=FMC_A5 Pin=U1-K3
Added Pin To Net: NetName=FMC_A5 Pin=U2-J2
Added Pin To Net: NetName=FMC_A5 Pin=U3-D2
Added Net: Name=FMC_A5
Added Pin To Net: NetName=FMC_A6 Pin=U1-P6
Added Pin To Net: NetName=FMC_A6 Pin=U2-H3
Added Pin To Net: NetName=FMC_A6 Pin=U3-C2
Added Net: Name=FMC_A6
Added Pin To Net: NetName=FMC_A7 Pin=U1-N6
Added Pin To Net: NetName=FMC_A7 Pin=U2-H2
Added Pin To Net: NetName=FMC_A7 Pin=U3-A2
Added Net: Name=FMC_A7
Added Pin To Net: NetName=FMC_A8 Pin=U1-R7
Added Pin To Net: NetName=FMC_A8 Pin=U2-H1
Added Pin To Net: NetName=FMC_A8 Pin=U3-B5
Added Net: Name=FMC_A8
Added Pin To Net: NetName=FMC_A9 Pin=U1-P7
Added Pin To Net: NetName=FMC_A9 Pin=U2-G3
Added Pin To Net: NetName=FMC_A9 Pin=U3-A5
Added Net: Name=FMC_A9
Added Pin To Net: NetName=FMC_A10 Pin=U1-N7
Added Pin To Net: NetName=FMC_A10 Pin=U2-H9
Added Pin To Net: NetName=FMC_A10 Pin=U3-C5
Added Net: Name=FMC_A10
Added Pin To Net: NetName=FMC_A11 Pin=U1-M7
Added Pin To Net: NetName=FMC_A11 Pin=U2-G2
Added Pin To Net: NetName=FMC_A11 Pin=U3-D5
Added Net: Name=FMC_A11
Added Pin To Net: NetName=FMC_A12 Pin=U1-L15
Added Pin To Net: NetName=FMC_A12 Pin=U3-B6
Added Net: Name=FMC_A12
Added Pin To Net: NetName=FMC_A13 Pin=U1-K15
Added Pin To Net: NetName=FMC_A13 Pin=U3-A6
Added Net: Name=FMC_A13
Added Pin To Net: NetName=FMC_A14 Pin=U1-K14
Added Pin To Net: NetName=FMC_A14 Pin=U2-G7
Added Pin To Net: NetName=FMC_A14 Pin=U3-C6
Added Net: Name=FMC_A14
Added Pin To Net: NetName=FMC_A15 Pin=U1-K13
Added Pin To Net: NetName=FMC_A15 Pin=U2-G8
Added Pin To Net: NetName=FMC_A15 Pin=U3-D6
Added Net: Name=FMC_A15
Added Pin To Net: NetName=FMC_A16 Pin=U1-N14
Added Pin To Net: NetName=FMC_A16 Pin=U3-E6
Added Net: Name=FMC_A16
Added Pin To Net: NetName=FMC_A17 Pin=U1-N13
Added Pin To Net: NetName=FMC_A17 Pin=U3-B2
Added Net: Name=FMC_A17
Added Pin To Net: NetName=FMC_A18 Pin=U1-M15
Added Pin To Net: NetName=FMC_A18 Pin=U3-C3
Added Net: Name=FMC_A18
Added Pin To Net: NetName=FMC_A19 Pin=U1-A1
Added Pin To Net: NetName=FMC_A19 Pin=U3-D4
Added Net: Name=FMC_A19
Added Pin To Net: NetName=FMC_D0 Pin=U1-M14
Added Pin To Net: NetName=FMC_D0 Pin=U2-A8
Added Pin To Net: NetName=FMC_D0 Pin=U3-E2
Added Net: Name=FMC_D0
Added Pin To Net: NetName=FMC_D1 Pin=U1-L14
Added Pin To Net: NetName=FMC_D1 Pin=U2-B9
Added Pin To Net: NetName=FMC_D1 Pin=U3-H2
Added Net: Name=FMC_D1
Added Pin To Net: NetName=FMC_D2 Pin=U1-B12
Added Pin To Net: NetName=FMC_D2 Pin=U2-B8
Added Pin To Net: NetName=FMC_D2 Pin=U3-E3
Added Net: Name=FMC_D2
Added Pin To Net: NetName=FMC_D3 Pin=U1-C12
Added Pin To Net: NetName=FMC_D3 Pin=U2-C9
Added Pin To Net: NetName=FMC_D3 Pin=U3-H3
Added Net: Name=FMC_D3
Added Pin To Net: NetName=FMC_D4 Pin=U1-R8
Added Pin To Net: NetName=FMC_D4 Pin=U2-C8
Added Pin To Net: NetName=FMC_D4 Pin=U3-H4
Added Net: Name=FMC_D4
Added Pin To Net: NetName=FMC_D5 Pin=U1-P8
Added Pin To Net: NetName=FMC_D5 Pin=U2-D9
Added Pin To Net: NetName=FMC_D5 Pin=U3-E4
Added Net: Name=FMC_D5
Added Pin To Net: NetName=FMC_D6 Pin=U1-P9
Added Pin To Net: NetName=FMC_D6 Pin=U2-D8
Added Pin To Net: NetName=FMC_D6 Pin=U3-H5
Added Net: Name=FMC_D6
Added Pin To Net: NetName=FMC_D7 Pin=U1-R9
Added Pin To Net: NetName=FMC_D7 Pin=U2-E9
Added Pin To Net: NetName=FMC_D7 Pin=U3-E5
Added Net: Name=FMC_D7
Added Pin To Net: NetName=FMC_D8 Pin=U1-P10
Added Pin To Net: NetName=FMC_D8 Pin=U2-E1
Added Pin To Net: NetName=FMC_D8 Pin=U3-F2
Added Net: Name=FMC_D8
Added Pin To Net: NetName=FMC_D9 Pin=U1-P14
Added Pin To Net: NetName=FMC_D9 Pin=U1-R10
Added Pin To Net: NetName=FMC_D9 Pin=U2-D2
Added Pin To Net: NetName=FMC_D9 Pin=U3-G2
Added Net: Name=FMC_D9
Added Pin To Net: NetName=FMC_D10 Pin=U1-N11
Added Pin To Net: NetName=FMC_D10 Pin=U2-D1
Added Pin To Net: NetName=FMC_D10 Pin=U3-F3
Added Net: Name=FMC_D10
Added Pin To Net: NetName=FMC_D11 Pin=U1-P11
Added Pin To Net: NetName=FMC_D11 Pin=U2-C2
Added Pin To Net: NetName=FMC_D11 Pin=U3-G3
Added Net: Name=FMC_D11
Added Pin To Net: NetName=FMC_D12 Pin=U1-R11
Added Pin To Net: NetName=FMC_D12 Pin=U2-C1
Added Pin To Net: NetName=FMC_D12 Pin=U3-F4
Added Net: Name=FMC_D12
Added Pin To Net: NetName=FMC_D13 Pin=U1-P15
Added Pin To Net: NetName=FMC_D13 Pin=U2-B2
Added Pin To Net: NetName=FMC_D13 Pin=U3-G5
Added Net: Name=FMC_D13
Added Pin To Net: NetName=FMC_D14 Pin=U2-B1
Added Pin To Net: NetName=FMC_D14 Pin=U3-F5
Added Net: Name=FMC_D14
Added Pin To Net: NetName=FMC_D15 Pin=U1-N15
Added Pin To Net: NetName=FMC_D15 Pin=U2-A2
Added Pin To Net: NetName=FMC_D15 Pin=U3-G6
Added Net: Name=FMC_D15
Added Pin To Net: NetName=FMC_NBL0 Pin=U1-A4
Added Pin To Net: NetName=FMC_NBL0 Pin=U2-E8
Added Net: Name=FMC_NBL0
Added Pin To Net: NetName=FMC_NBL1 Pin=U1-A3
Added Pin To Net: NetName=FMC_NBL1 Pin=U2-F1
Added Net: Name=FMC_NBL1
Added Pin To Net: NetName=FMC_NE1 Pin=U1-A11
Added Pin To Net: NetName=FMC_NE1 Pin=U3-F1
Added Net: Name=FMC_NE1
Added Pin To Net: NetName=FMC_NOE Pin=U1-D10
Added Pin To Net: NetName=FMC_NOE Pin=U3-G1
Added Net: Name=FMC_NOE
Added Pin To Net: NetName=FMC_NWE Pin=U1-C11
Added Pin To Net: NetName=FMC_NWE Pin=U3-A4
Added Net: Name=FMC_NWE
Added Pin To Net: NetName=FMC_SDCKE0 Pin=U1-F4
Added Pin To Net: NetName=FMC_SDCKE0 Pin=U2-F3
Added Net: Name=FMC_SDCKE0
Added Pin To Net: NetName=FMC_SDCLK Pin=U1-H14
Added Pin To Net: NetName=FMC_SDCLK Pin=U2-F2
Added Net: Name=FMC_SDCLK
Added Pin To Net: NetName=FMC_SDNCAS Pin=U1-B7
Added Pin To Net: NetName=FMC_SDNCAS Pin=U2-F7
Added Net: Name=FMC_SDNCAS
Added Pin To Net: NetName=FMC_SDNE0 Pin=U1-G4
Added Pin To Net: NetName=FMC_SDNE0 Pin=U2-G9
Added Net: Name=FMC_SDNE0
Added Pin To Net: NetName=FMC_SDNRAS Pin=U1-R6
Added Pin To Net: NetName=FMC_SDNRAS Pin=U2-F8
Added Net: Name=FMC_SDNRAS
Added Pin To Net: NetName=FMC_SDNWE Pin=U1-M2
Added Pin To Net: NetName=FMC_SDNWE Pin=U2-F9
Added Net: Name=FMC_SDNWE
Added Pin To Net: NetName=GND Pin=C1-1
Added Pin To Net: NetName=GND Pin=C2-1
Added Pin To Net: NetName=GND Pin=C3-1
Added Pin To Net: NetName=GND Pin=C4-1
Added Pin To Net: NetName=GND Pin=C5-1
Added Pin To Net: NetName=GND Pin=C6-1
Added Pin To Net: NetName=GND Pin=C7-1
Added Pin To Net: NetName=GND Pin=C8-1
Added Pin To Net: NetName=GND Pin=C9-1
Added Pin To Net: NetName=GND Pin=C10-1
Added Pin To Net: NetName=GND Pin=C11-1
Added Pin To Net: NetName=GND Pin=C12-1
Added Pin To Net: NetName=GND Pin=C13-1
Added Pin To Net: NetName=GND Pin=C14-1
Added Pin To Net: NetName=GND Pin=C15-1
Added Pin To Net: NetName=GND Pin=C16-1
Added Pin To Net: NetName=GND Pin=C17-1
Added Pin To Net: NetName=GND Pin=C18-1
Added Pin To Net: NetName=GND Pin=C19-1
Added Pin To Net: NetName=GND Pin=C20-2
Added Pin To Net: NetName=GND Pin=C21-2
Added Pin To Net: NetName=GND Pin=C22-1
Added Pin To Net: NetName=GND Pin=C23-1
Added Pin To Net: NetName=GND Pin=C24-1
Added Pin To Net: NetName=GND Pin=C25-1
Added Pin To Net: NetName=GND Pin=C26-1
Added Pin To Net: NetName=GND Pin=C27-1
Added Pin To Net: NetName=GND Pin=C28-1
Added Pin To Net: NetName=GND Pin=C29-1
Added Pin To Net: NetName=GND Pin=C30-1
Added Pin To Net: NetName=GND Pin=C31-1
Added Pin To Net: NetName=GND Pin=C32-1
Added Pin To Net: NetName=GND Pin=C33-1
Added Pin To Net: NetName=GND Pin=C34-1
Added Pin To Net: NetName=GND Pin=C35-1
Added Pin To Net: NetName=GND Pin=C36-1
Added Pin To Net: NetName=GND Pin=C37-1
Added Pin To Net: NetName=GND Pin=C38-1
Added Pin To Net: NetName=GND Pin=C39-1
Added Pin To Net: NetName=GND Pin=C40-1
Added Pin To Net: NetName=GND Pin=C41-1
Added Pin To Net: NetName=GND Pin=C42-1
Added Pin To Net: NetName=GND Pin=C43-1
Added Pin To Net: NetName=GND Pin=C44-1
Added Pin To Net: NetName=GND Pin=C45-1
Added Pin To Net: NetName=GND Pin=C46-1
Added Pin To Net: NetName=GND Pin=C47-1
Added Pin To Net: NetName=GND Pin=C48-1
Added Pin To Net: NetName=GND Pin=C49-1
Added Pin To Net: NetName=GND Pin=C50-1
Added Pin To Net: NetName=GND Pin=C51-1
Added Pin To Net: NetName=GND Pin=C52-1
Added Pin To Net: NetName=GND Pin=C53-1
Added Pin To Net: NetName=GND Pin=C54-2
Added Pin To Net: NetName=GND Pin=C55-2
Added Pin To Net: NetName=GND Pin=C56-1
Added Pin To Net: NetName=GND Pin=J1-1
Added Pin To Net: NetName=GND Pin=J1-4
Added Pin To Net: NetName=GND Pin=J1-20
Added Pin To Net: NetName=GND Pin=J1-21
Added Pin To Net: NetName=GND Pin=J1-34
Added Pin To Net: NetName=GND Pin=J1-37
Added Pin To Net: NetName=GND Pin=J1-40
Added Pin To Net: NetName=GND Pin=J1-S1
Added Pin To Net: NetName=GND Pin=J1-S2
Added Pin To Net: NetName=GND Pin=J1-S3
Added Pin To Net: NetName=GND Pin=J1-S4
Added Pin To Net: NetName=GND Pin=J2-1
Added Pin To Net: NetName=GND Pin=J2-4
Added Pin To Net: NetName=GND Pin=J2-6
Added Pin To Net: NetName=GND Pin=J2-8
Added Pin To Net: NetName=GND Pin=J2-10
Added Pin To Net: NetName=GND Pin=J2-14
Added Pin To Net: NetName=GND Pin=J2-17
Added Pin To Net: NetName=GND Pin=J2-18
Added Pin To Net: NetName=GND Pin=J2-23
Added Pin To Net: NetName=GND Pin=J2-27
Added Pin To Net: NetName=GND Pin=J2-31
Added Pin To Net: NetName=GND Pin=J2-32
Added Pin To Net: NetName=GND Pin=J2-35
Added Pin To Net: NetName=GND Pin=J2-37
Added Pin To Net: NetName=GND Pin=J2-40
Added Pin To Net: NetName=GND Pin=J2-S1
Added Pin To Net: NetName=GND Pin=J2-S2
Added Pin To Net: NetName=GND Pin=J2-S3
Added Pin To Net: NetName=GND Pin=J2-S4
Added Pin To Net: NetName=GND Pin=R7-1
Added Pin To Net: NetName=GND Pin=R21-2
Added Pin To Net: NetName=GND Pin=SW1-3
Added Pin To Net: NetName=GND Pin=SW1-4
Added Pin To Net: NetName=GND Pin=U1-D5
Added Pin To Net: NetName=GND Pin=U1-D7
Added Pin To Net: NetName=GND Pin=U1-D8
Added Pin To Net: NetName=GND Pin=U1-D9
Added Pin To Net: NetName=GND Pin=U1-F2
Added Pin To Net: NetName=GND Pin=U1-F6
Added Pin To Net: NetName=GND Pin=U1-F7
Added Pin To Net: NetName=GND Pin=U1-F8
Added Pin To Net: NetName=GND Pin=U1-F9
Added Pin To Net: NetName=GND Pin=U1-F10
Added Pin To Net: NetName=GND Pin=U1-F12
Added Pin To Net: NetName=GND Pin=U1-G2
Added Pin To Net: NetName=GND Pin=U1-G6
Added Pin To Net: NetName=GND Pin=U1-G7
Added Pin To Net: NetName=GND Pin=U1-G8
Added Pin To Net: NetName=GND Pin=U1-G9
Added Pin To Net: NetName=GND Pin=U1-G10
Added Pin To Net: NetName=GND Pin=U1-G12
Added Pin To Net: NetName=GND Pin=U1-H6
Added Pin To Net: NetName=GND Pin=U1-H7
Added Pin To Net: NetName=GND Pin=U1-H8
Added Pin To Net: NetName=GND Pin=U1-H9
Added Pin To Net: NetName=GND Pin=U1-H10
Added Pin To Net: NetName=GND Pin=U1-H12
Added Pin To Net: NetName=GND Pin=U1-J6
Added Pin To Net: NetName=GND Pin=U1-J7
Added Pin To Net: NetName=GND Pin=U1-J8
Added Pin To Net: NetName=GND Pin=U1-J9
Added Pin To Net: NetName=GND Pin=U1-J10
Added Pin To Net: NetName=GND Pin=U1-K6
Added Pin To Net: NetName=GND Pin=U1-K7
Added Pin To Net: NetName=GND Pin=U1-K8
Added Pin To Net: NetName=GND Pin=U1-K9
Added Pin To Net: NetName=GND Pin=U1-K10
Added Pin To Net: NetName=GND Pin=U1-M1
Added Pin To Net: NetName=GND Pin=U1-M8
Added Pin To Net: NetName=GND Pin=U1-M9
Added Pin To Net: NetName=GND Pin=U2-A1
Added Pin To Net: NetName=GND Pin=U2-A3
Added Pin To Net: NetName=GND Pin=U2-B7
Added Pin To Net: NetName=GND Pin=U2-C3
Added Pin To Net: NetName=GND Pin=U2-D7
Added Pin To Net: NetName=GND Pin=U2-E3
Added Pin To Net: NetName=GND Pin=U2-J1
Added Pin To Net: NetName=GND Pin=U3-H1
Added Pin To Net: NetName=GND Pin=U3-H6
Added Pin To Net: NetName=GND Pin=U4-A6
Added Pin To Net: NetName=GND Pin=U4-C4
Added Pin To Net: NetName=GND Pin=U4-E7
Added Pin To Net: NetName=GND Pin=U4-G5
Added Pin To Net: NetName=GND Pin=U4-H10
Added Pin To Net: NetName=GND Pin=U4-J5
Added Pin To Net: NetName=GND Pin=U4-K8
Added Pin To Net: NetName=GND Pin=U4-N2
Added Pin To Net: NetName=GND Pin=U4-N5
Added Pin To Net: NetName=GND Pin=U4-P4
Added Pin To Net: NetName=GND Pin=U4-P6
Added Pin To Net: NetName=GND Pin=U5-4
Added Pin To Net: NetName=GND Pin=U5-9
Added Pin To Net: NetName=GND Pin=U5-9
Added Pin To Net: NetName=GND Pin=U5-9
Added Pin To Net: NetName=GND Pin=U6-25
Added Pin To Net: NetName=GND Pin=U7-2
Added Pin To Net: NetName=GND Pin=U7-9
Added Pin To Net: NetName=GND Pin=U8-4
Added Pin To Net: NetName=GND Pin=X1-2
Added Pin To Net: NetName=GND Pin=X1-4
Added Net: Name=GND
Added Pin To Net: NetName=I2C1_SCL Pin=J1-39
Added Pin To Net: NetName=I2C1_SCL Pin=U1-B6
Added Net: Name=I2C1_SCL
Added Pin To Net: NetName=I2C1_SDA Pin=J1-38
Added Pin To Net: NetName=I2C1_SDA Pin=U1-B5
Added Net: Name=I2C1_SDA
Added Pin To Net: NetName=I2C2_SCL Pin=U1-H4
Added Pin To Net: NetName=I2C2_SCL Pin=U5-6
Added Net: Name=I2C2_SCL
Added Pin To Net: NetName=I2C2_SDA Pin=U1-J4
Added Pin To Net: NetName=I2C2_SDA Pin=U5-5
Added Net: Name=I2C2_SDA
Added Pin To Net: NetName=I2C3_SCL Pin=J1-36
Added Pin To Net: NetName=I2C3_SCL Pin=U1-F15
Added Net: Name=I2C3_SCL
Added Pin To Net: NetName=I2C3_SDA Pin=J1-35
Added Pin To Net: NetName=I2C3_SDA Pin=U1-M12
Added Net: Name=I2C3_SDA
Added Pin To Net: NetName=NetC43_2 Pin=C43-2
Added Pin To Net: NetName=NetC43_2 Pin=C44-2
Added Pin To Net: NetName=NetC43_2 Pin=C45-2
Added Pin To Net: NetName=NetC43_2 Pin=U6-6
Added Net: Name=NetC43_2
Added Pin To Net: NetName=NetR16_1 Pin=R16-1
Added Pin To Net: NetName=NetR16_1 Pin=U6-10
Added Net: Name=NetR16_1
Added Pin To Net: NetName=NetR21_1 Pin=R21-1
Added Pin To Net: NetName=NetR21_1 Pin=U6-24
Added Net: Name=NetR21_1
Added Pin To Net: NetName=NetR28_2 Pin=R28-2
Added Pin To Net: NetName=NetR28_2 Pin=U4-A3
Added Net: Name=NetR28_2
Added Pin To Net: NetName=NetR29_2 Pin=R29-2
Added Pin To Net: NetName=NetR29_2 Pin=U4-A4
Added Net: Name=NetR29_2
Added Pin To Net: NetName=NetR30_2 Pin=R30-2
Added Pin To Net: NetName=NetR30_2 Pin=U4-A5
Added Net: Name=NetR30_2
Added Pin To Net: NetName=NetR31_2 Pin=R31-2
Added Pin To Net: NetName=NetR31_2 Pin=U4-B2
Added Net: Name=NetR31_2
Added Pin To Net: NetName=NetR32_2 Pin=R32-2
Added Pin To Net: NetName=NetR32_2 Pin=U4-B3
Added Net: Name=NetR32_2
Added Pin To Net: NetName=NetR33_2 Pin=R33-2
Added Pin To Net: NetName=NetR33_2 Pin=U4-B4
Added Net: Name=NetR33_2
Added Pin To Net: NetName=NetR34_2 Pin=R34-2
Added Pin To Net: NetName=NetR34_2 Pin=U4-B5
Added Net: Name=NetR34_2
Added Pin To Net: NetName=NetR35_2 Pin=R35-2
Added Pin To Net: NetName=NetR35_2 Pin=U4-B6
Added Net: Name=NetR35_2
Added Pin To Net: NetName=NetR36_2 Pin=R36-2
Added Pin To Net: NetName=NetR36_2 Pin=U4-M5
Added Net: Name=NetR36_2
Added Pin To Net: NetName=NetR37_2 Pin=R37-2
Added Pin To Net: NetName=NetR37_2 Pin=U4-M6
Added Net: Name=NetR37_2
Added Pin To Net: NetName=nINT Pin=R20-2
Added Pin To Net: NetName=nINT Pin=U6-14
Added Net: Name=nINT
Added Pin To Net: NetName=NOR_BYTE# Pin=R8-2
Added Pin To Net: NetName=NOR_BYTE# Pin=U3-F6
Added Net: Name=NOR_BYTE#
Added Pin To Net: NetName=NOR_RESET# Pin=U1-B11
Added Pin To Net: NetName=NOR_RESET# Pin=U3-B4
Added Net: Name=NOR_RESET#
Added Pin To Net: NetName=NOR_RY/BY# Pin=U3-A3
Added Net: Name=NOR_RY/BY#
Added Pin To Net: NetName=NOR_WP# Pin=U3-B3
Added Net: Name=NOR_WP#
Added Pin To Net: NetName=OSC32_IN Pin=C21-1
Added Pin To Net: NetName=OSC32_IN Pin=U1-E1
Added Pin To Net: NetName=OSC32_IN Pin=X2-2
Added Net: Name=OSC32_IN
Added Pin To Net: NetName=OSC32_OUT Pin=C55-1
Added Pin To Net: NetName=OSC32_OUT Pin=U1-F1
Added Pin To Net: NetName=OSC32_OUT Pin=X2-1
Added Net: Name=OSC32_OUT
Added Pin To Net: NetName=OSC_IN Pin=C20-1
Added Pin To Net: NetName=OSC_IN Pin=U1-G1
Added Pin To Net: NetName=OSC_IN Pin=X1-3
Added Net: Name=OSC_IN
Added Pin To Net: NetName=OSC_OUT Pin=C54-1
Added Pin To Net: NetName=OSC_OUT Pin=U1-H1
Added Pin To Net: NetName=OSC_OUT Pin=X1-1
Added Net: Name=OSC_OUT
Added Pin To Net: NetName=PA9 Pin=J1-33
Added Pin To Net: NetName=PA9 Pin=U1-E15
Added Net: Name=PA9
Added Pin To Net: NetName=PA10 Pin=J1-32
Added Pin To Net: NetName=PA10 Pin=U1-D15
Added Net: Name=PA10
Added Pin To Net: NetName=PA11 Pin=J1-31
Added Pin To Net: NetName=PA11 Pin=U1-C15
Added Net: Name=PA11
Added Pin To Net: NetName=PA12 Pin=J1-30
Added Pin To Net: NetName=PA12 Pin=U1-B15
Added Net: Name=PA12
Added Pin To Net: NetName=PB0 Pin=J1-10
Added Pin To Net: NetName=PB0 Pin=U1-R5
Added Net: Name=PB0
Added Pin To Net: NetName=PB1 Pin=J1-11
Added Pin To Net: NetName=PB1 Pin=U1-R4
Added Net: Name=PB1
Added Pin To Net: NetName=PB2 Pin=J1-12
Added Pin To Net: NetName=PB2 Pin=U1-M6
Added Net: Name=PB2
Added Pin To Net: NetName=PB5 Pin=J1-13
Added Pin To Net: NetName=PB5 Pin=U1-A6
Added Net: Name=PB5
Added Pin To Net: NetName=PB10 Pin=J1-14
Added Pin To Net: NetName=PB10 Pin=U1-R12
Added Net: Name=PB10
Added Pin To Net: NetName=PB11 Pin=J1-15
Added Pin To Net: NetName=PB11 Pin=U1-R13
Added Net: Name=PB11
Added Pin To Net: NetName=PB12 Pin=J1-16
Added Pin To Net: NetName=PB12 Pin=U1-P12
Added Net: Name=PB12
Added Pin To Net: NetName=PB13 Pin=J1-17
Added Pin To Net: NetName=PB13 Pin=U1-P13
Added Net: Name=PB13
Added Pin To Net: NetName=PB14 Pin=J1-18
Added Pin To Net: NetName=PB14 Pin=U1-R14
Added Net: Name=PB14
Added Pin To Net: NetName=PB15 Pin=J1-19
Added Pin To Net: NetName=PB15 Pin=U1-R15
Added Net: Name=PB15
Added Pin To Net: NetName=PDR_ON Pin=R4-2
Added Pin To Net: NetName=PDR_ON Pin=U1-C6
Added Net: Name=PDR_ON
Added Pin To Net: NetName=PE2 Pin=J1-29
Added Pin To Net: NetName=PE2 Pin=U1-A2
Added Net: Name=PE2
Added Pin To Net: NetName=PE4 Pin=J1-28
Added Pin To Net: NetName=PE4 Pin=U1-B1
Added Net: Name=PE4
Added Pin To Net: NetName=PE5 Pin=J1-27
Added Pin To Net: NetName=PE5 Pin=U1-B2
Added Net: Name=PE5
Added Pin To Net: NetName=PE6 Pin=J1-26
Added Pin To Net: NetName=PE6 Pin=U1-B3
Added Net: Name=PE6
Added Pin To Net: NetName=PF7 Pin=J1-25
Added Pin To Net: NetName=PF7 Pin=U1-L3
Added Net: Name=PF7
Added Pin To Net: NetName=PF9 Pin=J1-24
Added Pin To Net: NetName=PF9 Pin=U1-L2
Added Net: Name=PF9
Added Pin To Net: NetName=PF10 Pin=J1-23
Added Pin To Net: NetName=PF10 Pin=U1-L1
Added Net: Name=PF10
Added Pin To Net: NetName=PG6 Pin=J1-22
Added Pin To Net: NetName=PG6 Pin=U1-J15
Added Net: Name=PG6
Added Pin To Net: NetName=PG Pin=R2-1
Added Pin To Net: NetName=PG Pin=U8-2
Added Net: Name=PG
Added Pin To Net: NetName=RMII_CLKIN1 Pin=R22-2
Added Pin To Net: NetName=RMII_CLKIN1 Pin=U6-5
Added Net: Name=RMII_CLKIN1
Added Pin To Net: NetName=RMII_MODE2_1 Pin=R19-2
Added Pin To Net: NetName=RMII_MODE2_1 Pin=U6-11
Added Net: Name=RMII_MODE2_1
Added Pin To Net: NetName=RMII_RSTn Pin=C50-2
Added Pin To Net: NetName=RMII_RSTn Pin=R23-2
Added Pin To Net: NetName=RMII_RSTn Pin=U1-R2
Added Pin To Net: NetName=RMII_RSTn Pin=U6-15
Added Net: Name=RMII_RSTn
Added Pin To Net: NetName=RMII_RXD0_1 Pin=R17-2
Added Pin To Net: NetName=RMII_RXD0_1 Pin=U6-8
Added Net: Name=RMII_RXD0_1
Added Pin To Net: NetName=RMII_RXD1_1 Pin=R18-2
Added Pin To Net: NetName=RMII_RXD1_1 Pin=U6-7
Added Net: Name=RMII_RXD1_1
Added Pin To Net: NetName=SPI2_CE0 Pin=J1-8
Added Pin To Net: NetName=SPI2_CE0 Pin=U1-D4
Added Net: Name=SPI2_CE0
Added Pin To Net: NetName=SPI2_CE1 Pin=J1-9
Added Pin To Net: NetName=SPI2_CE1 Pin=U1-C4
Added Net: Name=SPI2_CE1
Added Pin To Net: NetName=SPI2_MISO Pin=J1-6
Added Pin To Net: NetName=SPI2_MISO Pin=U1-C14
Added Net: Name=SPI2_MISO
Added Pin To Net: NetName=SPI2_MOSI Pin=J1-7
Added Pin To Net: NetName=SPI2_MOSI Pin=U1-C13
Added Net: Name=SPI2_MOSI
Added Pin To Net: NetName=SPI2_SCK Pin=J1-5
Added Pin To Net: NetName=SPI2_SCK Pin=U1-D11
Added Net: Name=SPI2_SCK
Added Pin To Net: NetName=STM_BOOT0 Pin=R6-2
Added Pin To Net: NetName=STM_BOOT0 Pin=R7-2
Added Net: Name=STM_BOOT0
Added Pin To Net: NetName=STM_NRST Pin=C56-2
Added Pin To Net: NetName=STM_NRST Pin=J2-13
Added Pin To Net: NetName=STM_NRST Pin=R5-2
Added Pin To Net: NetName=STM_NRST Pin=SW1-1
Added Pin To Net: NetName=STM_NRST Pin=SW1-2
Added Net: Name=STM_NRST
Added Pin To Net: NetName=SW Pin=L1-1
Added Pin To Net: NetName=SW Pin=U8-5
Added Net: Name=SW
Added Pin To Net: NetName=SYS_JTCK_SWCLK Pin=J2-11
Added Pin To Net: NetName=SYS_JTCK_SWCLK Pin=U1-A14
Added Net: Name=SYS_JTCK_SWCLK
Added Pin To Net: NetName=SYS_JTDI Pin=J2-30
Added Pin To Net: NetName=SYS_JTDI Pin=U1-A13
Added Net: Name=SYS_JTDI
Added Pin To Net: NetName=SYS_JTDO_SWO Pin=J2-29
Added Pin To Net: NetName=SYS_JTDO_SWO Pin=U1-A10
Added Net: Name=SYS_JTDO_SWO
Added Pin To Net: NetName=SYS_JTMS_SWDIO Pin=J2-12
Added Pin To Net: NetName=SYS_JTMS_SWDIO Pin=U1-A15
Added Net: Name=SYS_JTMS_SWDIO
Added Pin To Net: NetName=SYS_JTRST Pin=J2-28
Added Pin To Net: NetName=SYS_JTRST Pin=U1-A9
Added Net: Name=SYS_JTRST
Added Pin To Net: NetName=UART7_RX Pin=J1-2
Added Pin To Net: NetName=UART7_RX Pin=U1-K2
Added Net: Name=UART7_RX
Added Pin To Net: NetName=UART7_TX Pin=J1-3
Added Pin To Net: NetName=UART7_TX Pin=U1-K1
Added Net: Name=UART7_TX
Added Pin To Net: NetName=VCAP_1 Pin=C39-2
Added Pin To Net: NetName=VCAP_1 Pin=U1-M10
Added Net: Name=VCAP_1
Added Pin To Net: NetName=VCAP_2 Pin=C40-2
Added Pin To Net: NetName=VCAP_2 Pin=U1-F13
Added Net: Name=VCAP_2
Added Pin To Net: NetName=VDDA Pin=C37-2
Added Pin To Net: NetName=VDDA Pin=C38-2
Added Pin To Net: NetName=VDDA Pin=L2-2
Added Pin To Net: NetName=VDDA Pin=U1-R1
Added Net: Name=VDDA
Added Class: Name=03 POWER
Added Class: Name=04-1 MCU
Added Class: Name=04 MCU
Added Class: Name=05 SDRAM
Added Class: Name=06 NOR Memory
Added Class: Name=07 eMMC
Added Class: Name=08 Secure Element
Added Class: Name=09 Ethernet
Added Class: Name=10 CAN Bus
Added Class: Name=11 CONNECTOR
Added Class: Name=FMC_A[19..0]
Added Class: Name=FMC_D[15..0]
Added Class: Name=NOR.ADDRESS[19..0]
Added Class: Name=NOR.DQ[15..0]
Added Class: Name=SDRAM.ADDRESS[11..0]
Added Class: Name=SDRAM.DQ[15..0]
Added Room: Name=03 POWER
Added Room: Name=04-1 MCU
Added Room: Name=04 MCU
Added Room: Name=05 SDRAM
Added Room: Name=06 NOR Memory
Added Room: Name=07 eMMC
Added Room: Name=08 Secure Element
Added Room: Name=09 Ethernet
Added Room: Name=10 CAN Bus
Added Room: Name=11 CONNECTOR
