Removed Pin From Net: NetName=GND Pin=C12-1
Removed Pin From Net: NetName=+3V3 Pin=C12-2
Removed Pin From Net: NetName=+3V3 Pin=R8-1
Removed Member From Class: ClassName=50OHM Member=FMC_A12
Removed Member From Class: ClassName=FMC_A[19..0] Member=FMC_A12
Removed Member From Class: ClassName=50OHM Member=FMC_A13
Removed Member From Class: ClassName=FMC_A[19..0] Member=FMC_A13
Removed Member From Class: ClassName=FMC_A[19..0] Member=FMC_A14
Removed Member From Class: ClassName=FMC_A[19..0] Member=FMC_A15
Removed Member From Class: ClassName=50OHM Member=FMC_A16
Removed Member From Class: ClassName=FMC_A[19..0] Member=FMC_A16
Removed Member From Class: ClassName=50OHM Member=FMC_A17
Removed Member From Class: ClassName=FMC_A[19..0] Member=FMC_A17
Removed Member From Class: ClassName=50OHM Member=FMC_A18
Removed Member From Class: ClassName=FMC_A[19..0] Member=FMC_A18
Removed Member From Class: ClassName=50OHM Member=FMC_A19
Removed Member From Class: ClassName=FMC_A[19..0] Member=FMC_A19
Removed Member From Class: ClassName=50OHM Member=FMC_NE1
Removed Member From Class: ClassName=50OHM Member=FMC_NOE
Removed Member From Class: ClassName=50OHM Member=FMC_NWE
Removed Member From Class: ClassName=50OHM Member=NOR_BYTE#
Removed Member From Class: ClassName=50OHM Member=NOR_RESET#
Removed Member From Class: ClassName=50OHM Member=NOR_RY/BY#
Removed Member From Class: ClassName=50OHM Member=NOR_WP#
Change Class Name : Old Net Name=FMC_A[19..0] New Net Name=FMC_A[11..0]
Added Room: Name=04 MCU
Added Room: Name=05 SDRAM
Added Room: Name=07 eMMC
Added Room: Name=08 Secure Element
Added Room: Name=09 Ethernet
Added Room: Name=10 CAN Bus
Added Room: Name=11 CONNECTOR
