Change Physical Footprint: Designator=C1 Old Footprint=CAPC1608X10M-0603 New Footprint=CAPC1608X10M-0603
Change Physical Footprint: Designator=C2 Old Footprint=CAPC1005X06M-0402 New Footprint=CAPC1005X06M-0402
Change Physical Footprint: Designator=C3 Old Footprint=CAPC1005X06M-0402 New Footprint=CAPC1005X06M-0402
Change Physical Footprint: Designator=C4 Old Footprint=CAPC1005X06M-0402 New Footprint=CAPC1005X06M-0402
Change Physical Footprint: Designator=C5 Old Footprint=CAPC1005X06M-0402 New Footprint=CAPC1005X06M-0402
Change Physical Footprint: Designator=C6 Old Footprint=CAPC1005X06M-0402 New Footprint=CAPC1005X06M-0402
Change Physical Footprint: Designator=C7 Old Footprint=CAPC1005X06M-0402 New Footprint=CAPC1005X06M-0402
Change Physical Footprint: Designator=C8 Old Footprint=CAPC1005X06M-0402 New Footprint=CAPC1005X06M-0402
Change Physical Footprint: Designator=C9 Old Footprint=CAPC1005X06M-0402 New Footprint=CAPC1005X06M-0402
Change Physical Footprint: Designator=C10 Old Footprint=CAPC1005X06M-0402 New Footprint=CAPC1005X06M-0402
Change Physical Footprint: Designator=C11 Old Footprint=CAPC1005X06M-0402 New Footprint=CAPC1005X06M-0402
Change Physical Footprint: Designator=C12 Old Footprint=CAPC1005X06M-0402 New Footprint=CAPC1005X06M-0402
Change Physical Footprint: Designator=C13 Old Footprint=CAPC1005X06M-0402 New Footprint=CAPC1005X06M-0402
Change Physical Footprint: Designator=C14 Old Footprint=CAPC1005X06M-0402 New Footprint=CAPC1005X06M-0402
Change Physical Footprint: Designator=C16 Old Footprint=CAPC1005X06M-0402 New Footprint=CAPC1005X06M-0402
Change Physical Footprint: Designator=C17 Old Footprint=CAPC1005X06M-0402 New Footprint=CAPC1005X06M-0402
Change Physical Footprint: Designator=C18 Old Footprint=CAPC1005X06M-0402 New Footprint=CAPC1005X06M-0402
Change Physical Footprint: Designator=C19 Old Footprint=CAPC1005X06M-0402 New Footprint=CAPC1005X06M-0402
Change Physical Footprint: Designator=C20 Old Footprint=CAPC1005X06M-0402 New Footprint=CAPC1005X06M-0402
Change Physical Footprint: Designator=C21 Old Footprint=CAPC1005X06M-0402 New Footprint=CAPC1005X06M-0402
Change Physical Footprint: Designator=C22 Old Footprint=CAPC1005X06M-0402 New Footprint=CAPC1005X06M-0402
Change Physical Footprint: Designator=C23 Old Footprint=CAPC1005X06M-0402 New Footprint=CAPC1005X06M-0402
Change Physical Footprint: Designator=C24 Old Footprint=CAPC1005X06M-0402 New Footprint=CAPC1005X06M-0402
Change Physical Footprint: Designator=C25 Old Footprint=CAPC1005X06M-0402 New Footprint=CAPC1005X06M-0402
Change Physical Footprint: Designator=C26 Old Footprint=CAPC1005X06M-0402 New Footprint=CAPC1005X06M-0402
Change Physical Footprint: Designator=C27 Old Footprint=CAPC1005X06M-0402 New Footprint=CAPC1005X06M-0402
Change Physical Footprint: Designator=C28 Old Footprint=CAPC1005X06M-0402 New Footprint=CAPC1005X06M-0402
Change Physical Footprint: Designator=C29 Old Footprint=CAPC1005X06M-0402 New Footprint=CAPC1005X06M-0402
Change Physical Footprint: Designator=C30 Old Footprint=CAPC1005X06M-0402 New Footprint=CAPC1005X06M-0402
Change Physical Footprint: Designator=C31 Old Footprint=CAPC1005X06M-0402 New Footprint=CAPC1005X06M-0402
Change Physical Footprint: Designator=C32 Old Footprint=CAPC1005X06M-0402 New Footprint=CAPC1005X06M-0402
Change Physical Footprint: Designator=C33 Old Footprint=CAPC1005X06M-0402 New Footprint=CAPC1005X06M-0402
Change Physical Footprint: Designator=C34 Old Footprint=CAPC1005X06M-0402 New Footprint=CAPC1005X06M-0402
Change Physical Footprint: Designator=C35 Old Footprint=CAPC1005X06M-0402 New Footprint=CAPC1005X06M-0402
Change Physical Footprint: Designator=C36 Old Footprint=CAPC1005X06M-0402 New Footprint=CAPC1005X06M-0402
Change Physical Footprint: Designator=C37 Old Footprint=CAPC1005X06M-0402 New Footprint=CAPC1005X06M-0402
Change Physical Footprint: Designator=C38 Old Footprint=CAPC1005X06M-0402 New Footprint=CAPC1005X06M-0402
Change Physical Footprint: Designator=C39 Old Footprint=CAPC1005X06M-0402 New Footprint=CAPC1005X06M-0402
Change Physical Footprint: Designator=C40 Old Footprint=CAPC1005X06M-0402 New Footprint=CAPC1005X06M-0402
Change Physical Footprint: Designator=C41 Old Footprint=CAPC1005X06M-0402 New Footprint=CAPC1005X06M-0402
Change Physical Footprint: Designator=C42 Old Footprint=CAPC1005X06M-0402 New Footprint=CAPC1005X06M-0402
Change Physical Footprint: Designator=C43 Old Footprint=CAPC1005X06M-0402 New Footprint=CAPC1005X06M-0402
Change Physical Footprint: Designator=C44 Old Footprint=CAPC1005X06M-0402 New Footprint=CAPC1005X06M-0402
Change Physical Footprint: Designator=C45 Old Footprint=CAPC1005X06M-0402 New Footprint=CAPC1005X06M-0402
Change Physical Footprint: Designator=C46 Old Footprint=CAPC1005X06M-0402 New Footprint=CAPC1005X06M-0402
Change Physical Footprint: Designator=C47 Old Footprint=CAPC1005X06M-0402 New Footprint=CAPC1005X06M-0402
Change Physical Footprint: Designator=C48 Old Footprint=CAPC1005X06M-0402 New Footprint=CAPC1005X06M-0402
Change Physical Footprint: Designator=C49 Old Footprint=CAPC1005X06M-0402 New Footprint=CAPC1005X06M-0402
Change Physical Footprint: Designator=C50 Old Footprint=CAPC1005X06M-0402 New Footprint=CAPC1005X06M-0402
Change Physical Footprint: Designator=C51 Old Footprint=CAPC1005X06M-0402 New Footprint=CAPC1005X06M-0402
Change Physical Footprint: Designator=C52 Old Footprint=CAPC1608X10M-0603 New Footprint=CAPC1608X10M-0603
Change Physical Footprint: Designator=C53 Old Footprint=CAPC1005X06M-0402 New Footprint=CAPC1005X06M-0402
Change Physical Footprint: Designator=C54 Old Footprint=CAPC1005X06M-0402 New Footprint=CAPC1005X06M-0402
Change Physical Footprint: Designator=C55 Old Footprint=CAPC1005X06M-0402 New Footprint=CAPC1005X06M-0402
Change Physical Footprint: Designator=C56 Old Footprint=CAPC1005X06M-0402 New Footprint=CAPC1005X06M-0402
Change Physical Footprint: Designator=D1 Old Footprint=LED-0402 New Footprint=LED-0402
Change Physical Footprint: Designator=D2 Old Footprint=LED-0402 New Footprint=LED-0402
Change Physical Footprint: Designator=L2 Old Footprint=INDC1005X06M-0402 New Footprint=INDC1005X06M-0402
Change Physical Footprint: Designator=L3 Old Footprint=INDC1005X06M-0402 New Footprint=INDC1005X06M-0402
Change Physical Footprint: Designator=R1 Old Footprint=RESC1005X04M-0402 New Footprint=RESC1005X04M-0402
Change Physical Footprint: Designator=R2 Old Footprint=RESC1005X04M-0402 New Footprint=RESC1005X04M-0402
Change Physical Footprint: Designator=R3 Old Footprint=RESC1005X04M-0402 New Footprint=RESC1005X04M-0402
Change Physical Footprint: Designator=R4 Old Footprint=RESC1005X04M-0402 New Footprint=RESC1005X04M-0402
Change Physical Footprint: Designator=R5 Old Footprint=RESC1005X04M-0402 New Footprint=RESC1005X04M-0402
Change Physical Footprint: Designator=R6 Old Footprint=RESC1005X04M-0402 New Footprint=RESC1005X04M-0402
Change Physical Footprint: Designator=R7 Old Footprint=RESC1005X04M-0402 New Footprint=RESC1005X04M-0402
Change Physical Footprint: Designator=R8 Old Footprint=RESC1005X04M-0402 New Footprint=RESC1005X04M-0402
Change Physical Footprint: Designator=R9 Old Footprint=RESC1005X04M-0402 New Footprint=RESC1005X04M-0402
Change Physical Footprint: Designator=R10 Old Footprint=RESC1005X04M-0402 New Footprint=RESC1005X04M-0402
Change Physical Footprint: Designator=R11 Old Footprint=RESC1005X04M-0402 New Footprint=RESC1005X04M-0402
Change Physical Footprint: Designator=R12 Old Footprint=RESC1005X04M-0402 New Footprint=RESC1005X04M-0402
Change Physical Footprint: Designator=R13 Old Footprint=RESC1005X04M-0402 New Footprint=RESC1005X04M-0402
Change Physical Footprint: Designator=R14 Old Footprint=RESC1005X04M-0402 New Footprint=RESC1005X04M-0402
Change Physical Footprint: Designator=R15 Old Footprint=RESC1005X04M-0402 New Footprint=RESC1005X04M-0402
Change Physical Footprint: Designator=R16 Old Footprint=RESC1005X04M-0402 New Footprint=RESC1005X04M-0402
Change Physical Footprint: Designator=R17 Old Footprint=RESC1005X04M-0402 New Footprint=RESC1005X04M-0402
Change Physical Footprint: Designator=R18 Old Footprint=RESC1005X04M-0402 New Footprint=RESC1005X04M-0402
Change Physical Footprint: Designator=R19 Old Footprint=RESC1005X04M-0402 New Footprint=RESC1005X04M-0402
Change Physical Footprint: Designator=R20 Old Footprint=RESC1005X04M-0402 New Footprint=RESC1005X04M-0402
Change Physical Footprint: Designator=R21 Old Footprint=RESC1005X04M-0402 New Footprint=RESC1005X04M-0402
Change Physical Footprint: Designator=R22 Old Footprint=RESC1005X04M-0402 New Footprint=RESC1005X04M-0402
Change Physical Footprint: Designator=R23 Old Footprint=RESC1005X04M-0402 New Footprint=RESC1005X04M-0402
Change Physical Footprint: Designator=R24 Old Footprint=RESC1005X04M-0402 New Footprint=RESC1005X04M-0402
Change Physical Footprint: Designator=R25 Old Footprint=RESC1005X04M-0402 New Footprint=RESC1005X04M-0402
Change Physical Footprint: Designator=R26 Old Footprint=RESC1005X04M-0402 New Footprint=RESC1005X04M-0402
Change Physical Footprint: Designator=R27 Old Footprint=RESC1005X04M-0402 New Footprint=RESC1005X04M-0402
Change Physical Footprint: Designator=R37 Old Footprint=RESC1005X04M-0402 New Footprint=RESC1005X04M-0402
Change Physical Footprint: Designator=R38 Old Footprint=RESC1005X04M-0402 New Footprint=RESC1005X04M-0402
Change Physical Footprint: Designator=R39 Old Footprint=RESC1005X04M-0402 New Footprint=RESC1005X04M-0402
Change Physical Footprint: Designator=R40 Old Footprint=RESC1005X04M-0402 New Footprint=RESC1005X04M-0402
Change Physical Footprint: Designator=R41 Old Footprint=RESC1005X04M-0402 New Footprint=RESC1005X04M-0402
Change Physical Footprint: Designator=U1 Old Footprint=TSQFP50P2200X2200X160-144N New Footprint=TSQFP50P2200X2200X160-144N
Change Physical Footprint: Designator=U3 Old Footprint=BGA180C100P10X18_1400X1400X140 New Footprint=BGA180C100P10X18_1400X1400X140
Change Physical Footprint: Designator=U5 Old Footprint=SON50P200X60_HS-9N New Footprint=SON50P200X60_HS-9N
