Removed Pin From Net: NetName=UART7_RX Pin=J1-2
Removed Pin From Net: NetName=UART7_TX Pin=J1-3
Removed Pin From Net: NetName=GND Pin=J1-4
Removed Pin From Net: NetName=GND Pin=J1-5
Removed Pin From Net: NetName=ADC1_IN8 Pin=J1-6
Removed Pin From Net: NetName=ADC1_IN9 Pin=J1-7
Removed Pin From Net: NetName=ADC2_IN0 Pin=J1-10
Removed Pin From Net: NetName=ADC2_IN6 Pin=J1-11
Removed Pin From Net: NetName=GND Pin=J1-12
Removed Pin From Net: NetName=GND Pin=J1-13
Removed Pin From Net: NetName=ADC3_IN6 Pin=J1-14
Removed Pin From Net: NetName=ADC3_IN7 Pin=J1-15
Removed Pin From Net: NetName=ADC3_IN8 Pin=J1-16
Removed Pin From Net: NetName=GND Pin=J1-18
Removed Pin From Net: NetName=GND Pin=J1-19
Removed Pin From Net: NetName=GND Pin=J1-20
Removed Pin From Net: NetName=GND Pin=J1-21
Removed Pin From Net: NetName=GND Pin=J1-22
Removed Pin From Net: NetName=PE6 Pin=J1-23
Removed Pin From Net: NetName=PE5 Pin=J1-24
Removed Pin From Net: NetName=PE4 Pin=J1-25
Removed Pin From Net: NetName=PE2 Pin=J1-26
Removed Pin From Net: NetName=GND Pin=J1-27
Removed Pin From Net: NetName=SPI2_CE0 Pin=J1-28
Removed Pin From Net: NetName=SPI2_CE1 Pin=J1-29
Removed Pin From Net: NetName=SPI2_MISO Pin=J1-30
Removed Pin From Net: NetName=SPI2_SCK Pin=J1-31
Removed Pin From Net: NetName=SPI2_MOSI Pin=J1-32
Removed Pin From Net: NetName=DAC_EXTI9 Pin=J1-34
Removed Pin From Net: NetName=DAC_OUT2 Pin=J1-35
Removed Pin From Net: NetName=DAC_OUT1 Pin=J1-36
Removed Pin From Net: NetName=I2C2_SDA Pin=J1-38
Removed Pin From Net: NetName=I2C2_SCL Pin=J1-39
Removed Pin From Net: NetName=Ethernet_TX_P Pin=J2-2
Removed Pin From Net: NetName=Ethernet_TX_N Pin=J2-3
Removed Pin From Net: NetName=GND Pin=J2-4
Removed Pin From Net: NetName=Ethernet_LED2 Pin=J2-5
Removed Pin From Net: NetName=GND Pin=J2-6
Removed Pin From Net: NetName=DAC_OUT1 Pin=J2-7
Removed Pin From Net: NetName=DAC_OUT2 Pin=J2-8
Removed Pin From Net: NetName=DAC_EXTI9 Pin=J2-9
Removed Pin From Net: NetName=GND Pin=J2-10
Removed Pin From Net: NetName=SYS_JTCK_SWCLK Pin=J2-11
Removed Pin From Net: NetName=SYS_JTMS_SWDIO Pin=J2-12
Removed Pin From Net: NetName=STM_NRST Pin=J2-13
Removed Pin From Net: NetName=GND Pin=J2-14
Removed Pin From Net: NetName=GND Pin=J2-15
Removed Pin From Net: NetName=GND Pin=J2-16
Removed Pin From Net: NetName=5V_POWER Pin=J2-17
Removed Pin From Net: NetName=5V_POWER Pin=J2-18
Removed Pin From Net: NetName=5V_POWER Pin=J2-19
Removed Pin From Net: NetName=5V_POWER Pin=J2-20
Removed Pin From Net: NetName=5V_POWER Pin=J2-21
Removed Pin From Net: NetName=5V_POWER Pin=J2-22
Removed Pin From Net: NetName=5V_POWER Pin=J2-23
Removed Pin From Net: NetName=5V_POWER Pin=J2-24
Removed Pin From Net: NetName=GND Pin=J2-25
Removed Pin From Net: NetName=GND Pin=J2-26
Removed Pin From Net: NetName=SYS_JTRST Pin=J2-28
Removed Pin From Net: NetName=SYS_JTDO_SWO Pin=J2-29
Removed Pin From Net: NetName=SYS_JTDI Pin=J2-30
Removed Pin From Net: NetName=CAN_SPLIT Pin=J2-32
Removed Pin From Net: NetName=CAN_L Pin=J2-33
Removed Pin From Net: NetName=CAN_H Pin=J2-34
Removed Pin From Net: NetName=GND Pin=J2-35
Removed Pin From Net: NetName=Ethernet_LED1 Pin=J2-36
Removed Pin From Net: NetName=GND Pin=J2-37
Removed Pin From Net: NetName=Ethernet_RX_N Pin=J2-38
Removed Pin From Net: NetName=Ethernet_RX_P Pin=J2-39
Removed Pin From Net: NetName=GND Pin=J2-40
Added Pin To Net: NetName=GND Pin=J1-2
Added Pin To Net: NetName=UART7_RX Pin=J1-3
Added Pin To Net: NetName=I2C2_SCL Pin=J1-4
Added Pin To Net: NetName=UART7_TX Pin=J1-5
Added Pin To Net: NetName=I2C2_SDA Pin=J1-6
Added Pin To Net: NetName=GND Pin=J1-7
Added Pin To Net: NetName=DAC_OUT1 Pin=J1-10
Added Pin To Net: NetName=ADC1_IN8 Pin=J1-11
Added Pin To Net: NetName=DAC_OUT2 Pin=J1-12
Added Pin To Net: NetName=ADC1_IN9 Pin=J1-13
Added Pin To Net: NetName=DAC_EXTI9 Pin=J1-14
Added Pin To Net: NetName=GND Pin=J1-15
Added Pin To Net: NetName=GND Pin=J1-16
Added Pin To Net: NetName=SPI2_MOSI Pin=J1-18
Added Pin To Net: NetName=ADC2_IN0 Pin=J1-19
Added Pin To Net: NetName=SPI2_SCK Pin=J1-20
Added Pin To Net: NetName=ADC2_IN6 Pin=J1-21
Added Pin To Net: NetName=SPI2_MISO Pin=J1-22
Added Pin To Net: NetName=GND Pin=J1-23
Added Pin To Net: NetName=SPI2_CE1 Pin=J1-24
Added Pin To Net: NetName=GND Pin=J1-25
Added Pin To Net: NetName=SPI2_CE0 Pin=J1-26
Added Pin To Net: NetName=ADC3_IN6 Pin=J1-27
Added Pin To Net: NetName=GND Pin=J1-28
Added Pin To Net: NetName=ADC3_IN7 Pin=J1-29
Added Pin To Net: NetName=PE2 Pin=J1-30
Added Pin To Net: NetName=ADC3_IN8 Pin=J1-31
Added Pin To Net: NetName=PE4 Pin=J1-32
Added Pin To Net: NetName=PE5 Pin=J1-34
Added Pin To Net: NetName=GND Pin=J1-35
Added Pin To Net: NetName=PE6 Pin=J1-36
Added Pin To Net: NetName=GND Pin=J1-38
Added Pin To Net: NetName=GND Pin=J1-39
Added Pin To Net: NetName=GND Pin=J2-2
Added Pin To Net: NetName=Ethernet_TX_P Pin=J2-3
Added Pin To Net: NetName=Ethernet_RX_P Pin=J2-4
Added Pin To Net: NetName=Ethernet_TX_N Pin=J2-5
Added Pin To Net: NetName=Ethernet_RX_N Pin=J2-6
Added Pin To Net: NetName=GND Pin=J2-7
Added Pin To Net: NetName=GND Pin=J2-8
Added Pin To Net: NetName=Ethernet_LED2 Pin=J2-9
Added Pin To Net: NetName=Ethernet_LED1 Pin=J2-10
Added Pin To Net: NetName=GND Pin=J2-11
Added Pin To Net: NetName=GND Pin=J2-12
Added Pin To Net: NetName=DAC_OUT1 Pin=J2-13
Added Pin To Net: NetName=CAN_H Pin=J2-14
Added Pin To Net: NetName=DAC_OUT2 Pin=J2-15
Added Pin To Net: NetName=CAN_L Pin=J2-16
Added Pin To Net: NetName=DAC_EXTI9 Pin=J2-17
Added Pin To Net: NetName=CAN_SPLIT Pin=J2-18
Added Pin To Net: NetName=GND Pin=J2-19
Added Pin To Net: NetName=GND Pin=J2-20
Added Pin To Net: NetName=SYS_JTCK_SWCLK Pin=J2-21
Added Pin To Net: NetName=SYS_JTDI Pin=J2-22
Added Pin To Net: NetName=SYS_JTMS_SWDIO Pin=J2-23
Added Pin To Net: NetName=SYS_JTDO_SWO Pin=J2-24
Added Pin To Net: NetName=STM_NRST Pin=J2-25
Added Pin To Net: NetName=SYS_JTRST Pin=J2-26
Added Pin To Net: NetName=GND Pin=J2-28
Added Pin To Net: NetName=GND Pin=J2-29
Added Pin To Net: NetName=GND Pin=J2-30
Added Pin To Net: NetName=GND Pin=J2-32
Added Pin To Net: NetName=5V_POWER Pin=J2-33
Added Pin To Net: NetName=5V_POWER Pin=J2-34
Added Pin To Net: NetName=5V_POWER Pin=J2-35
Added Pin To Net: NetName=5V_POWER Pin=J2-36
Added Pin To Net: NetName=5V_POWER Pin=J2-37
Added Pin To Net: NetName=5V_POWER Pin=J2-38
Added Pin To Net: NetName=5V_POWER Pin=J2-39
Added Pin To Net: NetName=5V_POWER Pin=J2-40
Added Room: Name=03 POWER
Added Room: Name=04 MCU
Added Room: Name=05 SDRAM
Added Room: Name=07 eMMC
Added Room: Name=08 Secure Element
Added Room: Name=09 Ethernet
Added Room: Name=10 CAN Bus
Added Room: Name=11 CONNECTOR
