Removed Pin From Net: NetName=I2C2_SDA Pin=J1-5
Removed Pin From Net: NetName=I2C2_SCL Pin=J1-7
Removed Pin From Net: NetName=GND Pin=J1-9
Removed Pin From Net: NetName=ADC1_IN9 Pin=J1-11
Removed Pin From Net: NetName=ADC1_IN8 Pin=J1-15
Removed Pin From Net: NetName=GND Pin=J1-17
Removed Pin From Net: NetName=ADC2_IN0 Pin=J1-19
Removed Pin From Net: NetName=ADC2_IN6 Pin=J1-21
Removed Pin From Net: NetName=GND Pin=J1-25
Added Pin To Net: NetName=I2C2_SDA Pin=J1-15
Added Pin To Net: NetName=I2C2_SCL Pin=J1-17
Added Pin To Net: NetName=GND Pin=J1-19
Added Pin To Net: NetName=ADC1_IN9 Pin=J1-21
Added Pin To Net: NetName=ADC1_IN8 Pin=J1-25
Added Room: Name=03 POWER
Added Room: Name=04 MCU
Added Room: Name=05 SDRAM
Added Room: Name=07 eMMC
Added Room: Name=08 Secure Element
Added Room: Name=09 Ethernet
Added Room: Name=10 CAN Bus
Added Room: Name=11 CONNECTOR
